Log file open, 04/16/23 17:58:00
LogWindows: Failed to load 'aqProf.dll' (GetLastError=126)
LogWindows: File 'aqProf.dll' does not exist
LogWindows: Failed to load 'VtuneApi.dll' (GetLastError=126)
LogWindows: File 'VtuneApi.dll' does not exist
LogWindows: Failed to load 'VtuneApi32e.dll' (GetLastError=126)
LogWindows: File 'VtuneApi32e.dll' does not exist
LogConsoleResponse: Display: Failed to find resolution value strings in scalability ini. Falling back to default.
LogConsoleResponse: Display: Failed to find resolution value strings in scalability ini. Falling back to default.
LogInit: Display: Running engine for game: lalala
LogPlatformFile: Not using cached read wrapper
LogTaskGraph: Started task graph with 5 named threads and 35 total threads with 3 sets of task threads.
LogStats: Stats thread started at 0.229630
LogICUInternationalization: ICU TimeZone Detection - Raw Offset: +3:00, Platform Override: ''
LogInit: Display: Loading text-based GConfig....
LogPluginManager: Mounting plugin MeshPainting
LogPluginManager: Mounting plugin XGEController
LogPluginManager: Mounting plugin Paper2D
LogPluginManager: Mounting plugin AISupport
LogPluginManager: Mounting plugin EnvironmentQueryEditor
LogPluginManager: Mounting plugin LightPropagationVolume
LogPluginManager: Mounting plugin LiveLink
LogPluginManager: Mounting plugin CameraShakePreviewer
LogPluginManager: Mounting plugin GameplayCameras
LogPluginManager: Mounting plugin OodleData
LogPluginManager: Mounting plugin OodleNetwork
LogPluginManager: Mounting plugin AnimationSharing
LogPluginManager: Mounting plugin CodeLiteSourceCodeAccess
LogPluginManager: Mounting plugin GitSourceControl
LogPluginManager: Mounting plugin NullSourceCodeAccess
LogPluginManager: Mounting plugin KDevelopSourceCodeAccess
LogPluginManager: Mounting plugin CLionSourceCodeAccess
LogPluginManager: Mounting plugin PixWinPlugin
LogPluginManager: Mounting plugin PerforceSourceControl
LogPluginManager: Mounting plugin PlasticSourceControl
LogPluginManager: Mounting plugin PluginUtils
LogPluginManager: Mounting plugin PropertyAccessNode
LogPluginManager: Mounting plugin RiderSourceCodeAccess
LogPluginManager: Mounting plugin SubversionSourceControl
LogPluginManager: Mounting plugin TextureFormatOodle
LogPluginManager: Mounting plugin UObjectPlugin
LogPluginManager: Mounting plugin VisualStudioCodeSourceCodeAccess
LogPluginManager: Mounting plugin VisualStudioSourceCodeAccess
LogPluginManager: Mounting plugin XCodeSourceCodeAccess
LogPluginManager: Mounting plugin DataprepEditor
LogPluginManager: Mounting plugin DatasmithContent
LogPluginManager: Mounting plugin StaticMeshEditorExtension
LogPluginManager: Mounting plugin VariantManagerContent
LogPluginManager: Mounting plugin AssetManagerEditor
LogPluginManager: Mounting plugin CryptoKeys
LogPluginManager: Mounting plugin CurveEditorTools
LogPluginManager: Mounting plugin DataValidation
LogPluginManager: Mounting plugin EditorScriptingUtilities
LogPluginManager: Mounting plugin FacialAnimation
LogPluginManager: Mounting plugin GameplayTagsEditor
LogPluginManager: Mounting plugin GeometryMode
LogPluginManager: Mounting plugin MacGraphicsSwitching
LogPluginManager: Mounting plugin MaterialAnalyzer
LogPluginManager: Mounting plugin MeshEditor
LogPluginManager: Mounting plugin MobileLauncherProfileWizard
LogPluginManager: Mounting plugin PluginBrowser
LogPluginManager: Mounting plugin SpeedTreeImporter
LogPluginManager: Mounting plugin StylusInput
LogPluginManager: Mounting plugin Niagara
LogPluginManager: Mounting plugin AlembicImporter
LogPluginManager: Mounting plugin AutomationUtils
LogPluginManager: Mounting plugin BlastPlugin
LogPluginManager: Mounting plugin BackChannel
LogPluginManager: Mounting plugin ChaosCloth
LogPluginManager: Mounting plugin ChaosClothEditor
LogPluginManager: Mounting plugin ChaosEditor
LogPluginManager: Mounting plugin ChaosNiagara
LogPluginManager: Mounting plugin ChaosSolverPlugin
LogPluginManager: Mounting plugin CharacterAI
LogPluginManager: Mounting plugin LuminPlatformFeatures
LogPluginManager: Mounting plugin MagicLeap
LogPluginManager: Mounting plugin MagicLeapLightEstimation
LogPluginManager: Mounting plugin MagicLeapMedia
LogPluginManager: Mounting plugin MagicLeapPassableWorld
LogPluginManager: Mounting plugin MLSDK
LogPluginManager: Mounting plugin AndroidMedia
LogPluginManager: Mounting plugin AvfMedia
LogPluginManager: Mounting plugin ImgMedia
LogPluginManager: Mounting plugin MediaCompositing
LogPluginManager: Mounting plugin MediaPlayerEditor
LogPluginManager: Mounting plugin GeometryCache
LogPluginManager: Mounting plugin WebMMedia
LogPluginManager: Mounting plugin WmfMedia
LogPluginManager: Mounting plugin GeometryCollectionPlugin
LogPluginManager: Mounting plugin GeometryProcessing
LogPluginManager: Mounting plugin MeshModelingToolset
LogPluginManager: Mounting plugin ModelingToolsEditorMode
LogPluginManager: Mounting plugin OpenImageDenoise
LogPluginManager: Mounting plugin MotoSynth
LogPluginManager: Mounting plugin PlanarCut
LogPluginManager: Mounting plugin PlatformCrypto
LogPluginManager: Mounting plugin ProxyLODPlugin
LogPluginManager: Mounting plugin PythonScriptPlugin
LogPluginManager: Mounting plugin SkeletalReduction
LogPluginManager: Mounting plugin TcpMessaging
LogPluginManager: Mounting plugin UdpMessaging
LogPluginManager: Mounting plugin ActorSequence
LogPluginManager: Mounting plugin LevelSequenceEditor
LogPluginManager: Mounting plugin MatineeToLevelSequence
LogPluginManager: Mounting plugin TemplateSequence
LogPluginManager: Mounting plugin OnlineSubsystem
LogPluginManager: Mounting plugin OnlineSubsystemNull
LogPluginManager: Mounting plugin OnlineSubsystemUtils
LogPluginManager: Mounting plugin LauncherChunkInstaller
LogPluginManager: Mounting plugin AndroidDeviceProfileSelector
LogPluginManager: Mounting plugin AndroidMoviePlayer
LogPluginManager: Mounting plugin AndroidPermission
LogPluginManager: Mounting plugin AppleImageUtils
LogPluginManager: Mounting plugin AppleMoviePlayer
LogPluginManager: Mounting plugin AssetTags
LogPluginManager: Mounting plugin ArchVisCharacter
LogPluginManager: Mounting plugin AudioCapture
LogPluginManager: Mounting plugin AudioSynesthesia
LogPluginManager: Mounting plugin CustomMeshComponent
LogPluginManager: Mounting plugin CableComponent
LogPluginManager: Mounting plugin ExampleDeviceProfileSelector
LogPluginManager: Mounting plugin ChunkDownloader
LogPluginManager: Mounting plugin EditableMesh
LogPluginManager: Mounting plugin ScreenshotTools
LogPluginManager: Mounting plugin GoogleCloudMessaging
LogPluginManager: Mounting plugin GooglePAD
LogPluginManager: Mounting plugin HairStrands
LogPluginManager: Mounting plugin IOSDeviceProfileSelector
LogPluginManager: Mounting plugin LinuxDeviceProfileSelector
LogPluginManager: Mounting plugin LocationServicesBPLibrary
LogPluginManager: Mounting plugin MobilePatchingUtils
LogPluginManager: Mounting plugin OpenXR
LogPluginManager: Mounting plugin ActorLayerUtilities
LogPluginManager: Mounting plugin OpenXREyeTracker
LogPluginManager: Mounting plugin Takes
LogPluginManager: Mounting plugin OpenXRHandTracking
LogPluginManager: Mounting plugin PhysXVehicles
LogPluginManager: Mounting plugin PostSplashScreen
LogPluginManager: Mounting plugin ProceduralMeshComponent
LogPluginManager: Mounting plugin PropertyAccessEditor
LogPluginManager: Mounting plugin RuntimePhysXCooking
LogPluginManager: Mounting plugin SignificanceManager
LogPluginManager: Mounting plugin SoundFields
LogPluginManager: Mounting plugin Synthesis
LogPluginManager: Mounting plugin WebMMoviePlayer
LogPluginManager: Mounting plugin WindowsMoviePlayer
LogPluginManager: Mounting plugin ContentBrowserAssetDataSource
LogPluginManager: Mounting plugin ContentBrowserClassDataSource
LogPluginManager: Mounting plugin ContentBrowserFileDataSource
LogPluginManager: Mounting plugin OnlineSubsystemGooglePlay
LogPluginManager: Mounting plugin OnlineSubsystemIOS
LogPluginManager: Mounting plugin OculusVR
LogPluginManager: Mounting plugin SteamVR
PixWinPlugin: PIX capture plugin failed to initialize! Check that the process is launched from PIX.
LogInit: Using libcurl 7.55.1-DEV
LogInit:  - built for x86_64-pc-win32
LogInit:  - supports SSL with OpenSSL/1.1.1
LogInit:  - supports HTTP deflate (compression) using libz 1.2.8
LogInit:  - other features:
LogInit:      CURL_VERSION_SSL
LogInit:      CURL_VERSION_LIBZ
LogInit:      CURL_VERSION_IPV6
LogInit:      CURL_VERSION_ASYNCHDNS
LogInit:      CURL_VERSION_LARGEFILE
LogInit:      CURL_VERSION_IDN
LogInit:  CurlRequestOptions (configurable via config and command line):
LogInit:  - bVerifyPeer = true  - Libcurl will verify peer certificate
LogInit:  - bUseHttpProxy = false  - Libcurl will NOT use HTTP proxy
LogInit:  - bDontReuseConnections = false  - Libcurl will reuse connections
LogInit:  - MaxHostConnections = 16  - Libcurl will limit the number of connections to a host
LogInit:  - LocalHostAddr = Default
LogInit:  - BufferSize = 65536
LogOnline: OSS: Creating online subsystem instance for: NULL
LogInit: WinSock: version 1.1 (2.2), MaxSocks=32767, MaxUdp=65467
LogOnline: OSS: TryLoadSubsystemAndSetDefault: Loaded subsystem for module [NULL]
LogOculusPluginWrapper: OculusPlugin initialized successfully
LogHMD: Failed initializing OVRPlugin 1.59.0
LogInit: Build: ++UE4+Release-4.27-CL-18319896
LogInit: Engine Version: 4.27.2-18319896+++UE4+Release-4.27
LogInit: Compatible Engine Version: 4.27.0-17155196+++UE4+Release-4.27
LogInit: Net CL: 17155196
LogInit: OS: Windows 10 (Release 2009) (), CPU: 11th Gen Intel(R) Core(TM) i5-11400H @ 2.70GHz, GPU: Intel(R) UHD Graphics
LogInit: Compiled (64-bit): Nov 30 2021 07:12:08
LogInit: Compiled with Visual C++: 19.24.28315.00
LogInit: Build Configuration: Development
LogInit: Branch Name: ++UE4+Release-4.27
LogInit: Command Line: 
LogInit: Base Directory: C:/Program Files/Epic Games/UE_4.27/Engine/Binaries/Win64/
LogInit: Allocator: TBB
LogInit: Installed Engine Build: 1
LogDevObjectVersion: Number of dev versions registered: 29
LogDevObjectVersion:   Dev-Blueprints (B0D832E4-1F89-4F0D-ACCF-7EB736FD4AA2): 10
LogDevObjectVersion:   Dev-Build (E1C64328-A22C-4D53-A36C-8E866417BD8C): 0
LogDevObjectVersion:   Dev-Core (375EC13C-06E4-48FB-B500-84F0262A717E): 4
LogDevObjectVersion:   Dev-Editor (E4B068ED-F494-42E9-A231-DA0B2E46BB41): 40
LogDevObjectVersion:   Dev-Framework (CFFC743F-43B0-4480-9391-14DF171D2073): 37
LogDevObjectVersion:   Dev-Mobile (B02B49B5-BB20-44E9-A304-32B752E40360): 3
LogDevObjectVersion:   Dev-Networking (A4E4105C-59A1-49B5-A7C5-40C4547EDFEE): 0
LogDevObjectVersion:   Dev-Online (39C831C9-5AE6-47DC-9A44-9C173E1C8E7C): 0
LogDevObjectVersion:   Dev-Physics (78F01B33-EBEA-4F98-B9B4-84EACCB95AA2): 14
LogDevObjectVersion:   Dev-Platform (6631380F-2D4D-43E0-8009-CF276956A95A): 0
LogDevObjectVersion:   Dev-Rendering (12F88B9F-8875-4AFC-A67C-D90C383ABD29): 45
LogDevObjectVersion:   Dev-Sequencer (7B5AE74C-D270-4C10-A958-57980B212A5A): 13
LogDevObjectVersion:   Dev-VR (D7296918-1DD6-4BDD-9DE2-64A83CC13884): 3
LogDevObjectVersion:   Dev-LoadTimes (C2A15278-BFE7-4AFE-6C17-90FF531DF755): 1
LogDevObjectVersion:   Private-Geometry (6EACA3D4-40EC-4CC1-B786-8BED09428FC5): 3
LogDevObjectVersion:   Dev-AnimPhys (29E575DD-E0A3-4627-9D10-D276232CDCEA): 17
LogDevObjectVersion:   Dev-Anim (AF43A65D-7FD3-4947-9873-3E8ED9C1BB05): 15
LogDevObjectVersion:   Dev-ReflectionCapture (6B266CEC-1EC7-4B8F-A30B-E4D90942FC07): 1
LogDevObjectVersion:   Dev-Automation (0DF73D61-A23F-47EA-B727-89E90C41499A): 1
LogDevObjectVersion:   FortniteMain (601D1886-AC64-4F84-AA16-D3DE0DEAC7D6): 47
LogDevObjectVersion:   FortniteRelease (E7086368-6B23-4C58-8439-1B7016265E91): 1
LogDevObjectVersion:   Dev-Enterprise (9DFFBCD6-494F-0158-E221-12823C92A888): 10
LogDevObjectVersion:   Dev-Niagara (F2AED0AC-9AFE-416F-8664-AA7FFA26D6FC): 1
LogDevObjectVersion:   Dev-Destruction (174F1F0B-B4C6-45A5-B13F-2EE8D0FB917D): 10
LogDevObjectVersion:   Dev-Physics-Ext (35F94A83-E258-406C-A318-09F59610247C): 41
LogDevObjectVersion:   Dev-PhysicsMaterial-Chaos (B68FC16E-8B1B-42E2-B453-215C058844FE): 1
LogDevObjectVersion:   Dev-CineCamera (B2E18506-4273-CFC2-A54E-F4BB758BBA07): 1
LogDevObjectVersion:   Dev-VirtualProduction (64F58936-FD1B-42BA-BA96-7289D5D0FA4E): 1
LogDevObjectVersion:   Dev-MediaFramework (6F0ED827-A609-4895-9C91-998D90180EA4): 2
LogInit: Presizing for max 25165824 objects, including 0 objects not considered by GC, pre-allocating 0 bytes for permanent pool.
LogConfig: Applying CVar settings from Section [/Script/Engine.StreamingSettings] File [C:/Users/MSI/Documents/Unreal Projects/lalala/Saved/Config/Windows/Engine.ini]
LogConfig: Setting CVar [[s.MinBulkDataSizeForAsyncLoading:131072]]
LogConfig: Setting CVar [[s.AsyncLoadingThreadEnabled:0]]
LogConfig: Setting CVar [[s.EventDrivenLoaderEnabled:1]]
LogConfig: Setting CVar [[s.WarnIfTimeLimitExceeded:0]]
LogConfig: Setting CVar [[s.TimeLimitExceededMultiplier:1.5]]
LogConfig: Setting CVar [[s.TimeLimitExceededMinTime:0.005]]
LogConfig: Setting CVar [[s.UseBackgroundLevelStreaming:1]]
LogConfig: Setting CVar [[s.PriorityAsyncLoadingExtraTime:15.0]]
LogConfig: Setting CVar [[s.LevelStreamingActorsUpdateTimeLimit:5.0]]
LogConfig: Setting CVar [[s.PriorityLevelStreamingActorsUpdateExtraTime:5.0]]
LogConfig: Setting CVar [[s.LevelStreamingComponentsRegistrationGranularity:10]]
LogConfig: Setting CVar [[s.UnregisterComponentsTimeLimit:1.0]]
LogConfig: Setting CVar [[s.LevelStreamingComponentsUnregistrationGranularity:5]]
LogConfig: Setting CVar [[s.FlushStreamingOnExit:1]]
LogInit: Object subsystem initialized
LogConfig: Setting CVar [[con.DebugEarlyDefault:1]]
LogConfig: Setting CVar [[r.setres:1280x720]]
LogConfig: Setting CVar [[fx.NiagaraAllowRuntimeScalabilityChanges:1]]
[2023.04.16-14.58.01:466][  0]LogConfig: Setting CVar [[r.VSync:0]]
[2023.04.16-14.58.01:466][  0]LogConfig: Setting CVar [[r.RHICmdBypass:0]]
[2023.04.16-14.58.01:466][  0]LogConfig: Applying CVar settings from Section [/Script/Engine.RendererSettings] File [C:/Users/MSI/Documents/Unreal Projects/lalala/Saved/Config/Windows/Engine.ini]
[2023.04.16-14.58.01:466][  0]LogConfig: Setting CVar [[r.GPUCrashDebugging:0]]
[2023.04.16-14.58.01:466][  0]LogConfig: Setting CVar [[r.NormalMapsForStaticLighting:0]]
[2023.04.16-14.58.01:466][  0]LogConfig: Setting CVar [[r.AllowStaticLighting:0]]
[2023.04.16-14.58.01:466][  0]LogConfig: Applying CVar settings from Section [/Script/Engine.RendererOverrideSettings] File [C:/Users/MSI/Documents/Unreal Projects/lalala/Saved/Config/Windows/Engine.ini]
[2023.04.16-14.58.01:466][  0]LogConfig: Applying CVar settings from Section [/Script/Engine.StreamingSettings] File [C:/Users/MSI/Documents/Unreal Projects/lalala/Saved/Config/Windows/Engine.ini]
[2023.04.16-14.58.01:466][  0]LogConfig: Setting CVar [[s.MinBulkDataSizeForAsyncLoading:131072]]
[2023.04.16-14.58.01:466][  0]LogConfig: Setting CVar [[s.AsyncLoadingThreadEnabled:0]]
[2023.04.16-14.58.01:466][  0]LogConfig: Setting CVar [[s.EventDrivenLoaderEnabled:1]]
[2023.04.16-14.58.01:466][  0]LogConfig: Setting CVar [[s.WarnIfTimeLimitExceeded:0]]
[2023.04.16-14.58.01:466][  0]LogConfig: Setting CVar [[s.TimeLimitExceededMultiplier:1.5]]
[2023.04.16-14.58.01:466][  0]LogConfig: Setting CVar [[s.TimeLimitExceededMinTime:0.005]]
[2023.04.16-14.58.01:466][  0]LogConfig: Setting CVar [[s.UseBackgroundLevelStreaming:1]]
[2023.04.16-14.58.01:466][  0]LogConfig: Setting CVar [[s.PriorityAsyncLoadingExtraTime:15.0]]
[2023.04.16-14.58.01:466][  0]LogConfig: Setting CVar [[s.LevelStreamingActorsUpdateTimeLimit:5.0]]
[2023.04.16-14.58.01:466][  0]LogConfig: Setting CVar [[s.PriorityLevelStreamingActorsUpdateExtraTime:5.0]]
[2023.04.16-14.58.01:466][  0]LogConfig: Setting CVar [[s.LevelStreamingComponentsRegistrationGranularity:10]]
[2023.04.16-14.58.01:466][  0]LogConfig: Setting CVar [[s.UnregisterComponentsTimeLimit:1.0]]
[2023.04.16-14.58.01:466][  0]LogConfig: Setting CVar [[s.LevelStreamingComponentsUnregistrationGranularity:5]]
[2023.04.16-14.58.01:466][  0]LogConfig: Setting CVar [[s.FlushStreamingOnExit:1]]
[2023.04.16-14.58.01:466][  0]LogConfig: Applying CVar settings from Section [/Script/Engine.GarbageCollectionSettings] File [C:/Users/MSI/Documents/Unreal Projects/lalala/Saved/Config/Windows/Engine.ini]
[2023.04.16-14.58.01:466][  0]LogConfig: Setting CVar [[gc.MaxObjectsNotConsideredByGC:1]]
[2023.04.16-14.58.01:466][  0]LogConfig: Setting CVar [[gc.SizeOfPermanentObjectPool:0]]
[2023.04.16-14.58.01:466][  0]LogConfig: Setting CVar [[gc.FlushStreamingOnGC:0]]
[2023.04.16-14.58.01:466][  0]LogConfig: Setting CVar [[gc.NumRetriesBeforeForcingGC:10]]
[2023.04.16-14.58.01:467][  0]LogConfig: Setting CVar [[gc.AllowParallelGC:1]]
[2023.04.16-14.58.01:467][  0]LogConfig: Setting CVar [[gc.TimeBetweenPurgingPendingKillObjects:61.1]]
[2023.04.16-14.58.01:467][  0]LogConfig: Setting CVar [[gc.MaxObjectsInEditor:25165824]]
[2023.04.16-14.58.01:467][  0]LogConfig: Setting CVar [[gc.IncrementalBeginDestroyEnabled:1]]
[2023.04.16-14.58.01:467][  0]LogConfig: Setting CVar [[gc.CreateGCClusters:1]]
[2023.04.16-14.58.01:467][  0]LogConfig: Setting CVar [[gc.MinGCClusterSize:5]]
[2023.04.16-14.58.01:467][  0]LogConfig: Setting CVar [[gc.ActorClusteringEnabled:0]]
[2023.04.16-14.58.01:467][  0]LogConfig: Setting CVar [[gc.BlueprintClusteringEnabled:0]]
[2023.04.16-14.58.01:467][  0]LogConfig: Setting CVar [[gc.UseDisregardForGCOnDedicatedServers:0]]
[2023.04.16-14.58.01:467][  0]LogConfig: Setting CVar [[gc.MultithreadedDestructionEnabled:1]]
[2023.04.16-14.58.01:467][  0]LogConfig: Applying CVar settings from Section [/Script/Engine.NetworkSettings] File [C:/Users/MSI/Documents/Unreal Projects/lalala/Saved/Config/Windows/Engine.ini]
[2023.04.16-14.58.01:467][  0]LogConfig: Applying CVar settings from Section [/Script/UnrealEd.CookerSettings] File [C:/Users/MSI/Documents/Unreal Projects/lalala/Saved/Config/Windows/Engine.ini]
[2023.04.16-14.58.01:494][  0]LogConfig: Applying CVar settings from Section [ViewDistanceQuality@3] File [C:/Users/MSI/Documents/Unreal Projects/lalala/Saved/Config/Windows/Scalability.ini]
[2023.04.16-14.58.01:494][  0]LogConfig: Setting CVar [[r.SkeletalMeshLODBias:0]]
[2023.04.16-14.58.01:494][  0]LogConfig: Setting CVar [[r.ViewDistanceScale:1.0]]
[2023.04.16-14.58.01:494][  0]LogConfig: Applying CVar settings from Section [AntiAliasingQuality@3] File [C:/Users/MSI/Documents/Unreal Projects/lalala/Saved/Config/Windows/Scalability.ini]
[2023.04.16-14.58.01:494][  0]LogConfig: Setting CVar [[r.PostProcessAAQuality:4]]
[2023.04.16-14.58.01:494][  0]LogConfig: Applying CVar settings from Section [ShadowQuality@3] File [C:/Users/MSI/Documents/Unreal Projects/lalala/Saved/Config/Windows/Scalability.ini]
[2023.04.16-14.58.01:494][  0]LogConfig: Setting CVar [[r.LightFunctionQuality:1]]
[2023.04.16-14.58.01:494][  0]LogConfig: Setting CVar [[r.ShadowQuality:5]]
[2023.04.16-14.58.01:494][  0]LogConfig: Setting CVar [[r.Shadow.CSM.MaxCascades:10]]
[2023.04.16-14.58.01:494][  0]LogConfig: Setting CVar [[r.Shadow.MaxResolution:2048]]
[2023.04.16-14.58.01:494][  0]LogConfig: Setting CVar [[r.Shadow.MaxCSMResolution:2048]]
[2023.04.16-14.58.01:494][  0]LogConfig: Setting CVar [[r.Shadow.RadiusThreshold:0.01]]
[2023.04.16-14.58.01:494][  0]LogConfig: Setting CVar [[r.Shadow.DistanceScale:1.0]]
[2023.04.16-14.58.01:494][  0]LogConfig: Setting CVar [[r.Shadow.CSM.TransitionScale:1.0]]
[2023.04.16-14.58.01:494][  0]LogConfig: Setting CVar [[r.Shadow.PreShadowResolutionFactor:1.0]]
[2023.04.16-14.58.01:494][  0]LogConfig: Setting CVar [[r.DistanceFieldShadowing:1]]
[2023.04.16-14.58.01:494][  0]LogConfig: Setting CVar [[r.DistanceFieldAO:1]]
[2023.04.16-14.58.01:494][  0]LogConfig: Setting CVar [[r.AOQuality:2]]
[2023.04.16-14.58.01:494][  0]LogConfig: Setting CVar [[r.VolumetricFog:1]]
[2023.04.16-14.58.01:494][  0]LogConfig: Setting CVar [[r.VolumetricFog.GridPixelSize:8]]
[2023.04.16-14.58.01:494][  0]LogConfig: Setting CVar [[r.VolumetricFog.GridSizeZ:128]]
[2023.04.16-14.58.01:494][  0]LogConfig: Setting CVar [[r.VolumetricFog.HistoryMissSupersampleCount:4]]
[2023.04.16-14.58.01:494][  0]LogConfig: Setting CVar [[r.LightMaxDrawDistanceScale:1]]
[2023.04.16-14.58.01:494][  0]LogConfig: Setting CVar [[r.CapsuleShadows:1]]
[2023.04.16-14.58.01:494][  0]LogConfig: Applying CVar settings from Section [PostProcessQuality@3] File [C:/Users/MSI/Documents/Unreal Projects/lalala/Saved/Config/Windows/Scalability.ini]
[2023.04.16-14.58.01:494][  0]LogConfig: Setting CVar [[r.MotionBlurQuality:4]]
[2023.04.16-14.58.01:494][  0]LogConfig: Setting CVar [[r.AmbientOcclusionMipLevelFactor:0.4]]
[2023.04.16-14.58.01:494][  0]LogConfig: Setting CVar [[r.AmbientOcclusionMaxQuality:100]]
[2023.04.16-14.58.01:494][  0]LogConfig: Setting CVar [[r.AmbientOcclusionLevels:-1]]
[2023.04.16-14.58.01:494][  0]LogConfig: Setting CVar [[r.AmbientOcclusionRadiusScale:1.0]]
[2023.04.16-14.58.01:494][  0]LogConfig: Setting CVar [[r.DepthOfFieldQuality:2]]
[2023.04.16-14.58.01:494][  0]LogConfig: Setting CVar [[r.RenderTargetPoolMin:400]]
[2023.04.16-14.58.01:494][  0]LogConfig: Setting CVar [[r.LensFlareQuality:2]]
[2023.04.16-14.58.01:494][  0]LogConfig: Setting CVar [[r.SceneColorFringeQuality:1]]
[2023.04.16-14.58.01:494][  0]LogConfig: Setting CVar [[r.EyeAdaptationQuality:2]]
[2023.04.16-14.58.01:494][  0]LogConfig: Setting CVar [[r.BloomQuality:5]]
[2023.04.16-14.58.01:494][  0]LogConfig: Setting CVar [[r.FastBlurThreshold:100]]
[2023.04.16-14.58.01:494][  0]LogConfig: Setting CVar [[r.Upscale.Quality:3]]
[2023.04.16-14.58.01:494][  0]LogConfig: Setting CVar [[r.Tonemapper.GrainQuantization:1]]
[2023.04.16-14.58.01:494][  0]LogConfig: Setting CVar [[r.LightShaftQuality:1]]
[2023.04.16-14.58.01:494][  0]LogConfig: Setting CVar [[r.Filter.SizeScale:1]]
[2023.04.16-14.58.01:494][  0]LogConfig: Setting CVar [[r.Tonemapper.Quality:5]]
[2023.04.16-14.58.01:494][  0]LogConfig: Setting CVar [[r.DOF.Gather.AccumulatorQuality:1        ; higher gathering accumulator quality]]
[2023.04.16-14.58.01:494][  0]LogConfig: Setting CVar [[r.DOF.Gather.PostfilterMethod:1          ; Median3x3 postfilering method]]
[2023.04.16-14.58.01:494][  0]LogConfig: Setting CVar [[r.DOF.Gather.EnableBokehSettings:0       ; no bokeh simulation when gathering]]
[2023.04.16-14.58.01:494][  0]LogConfig: Setting CVar [[r.DOF.Gather.RingCount:4                 ; medium number of samples when gathering]]
[2023.04.16-14.58.01:494][  0]LogConfig: Setting CVar [[r.DOF.Scatter.ForegroundCompositing:1    ; additive foreground scattering]]
[2023.04.16-14.58.01:494][  0]LogConfig: Setting CVar [[r.DOF.Scatter.BackgroundCompositing:2    ; additive background scattering]]
[2023.04.16-14.58.01:494][  0]LogConfig: Setting CVar [[r.DOF.Scatter.EnableBokehSettings:1      ; bokeh simulation when scattering]]
[2023.04.16-14.58.01:494][  0]LogConfig: Setting CVar [[r.DOF.Scatter.MaxSpriteRatio:0.1         ; only a maximum of 10% of scattered bokeh]]
[2023.04.16-14.58.01:494][  0]LogConfig: Setting CVar [[r.DOF.Recombine.Quality:1                ; cheap slight out of focus]]
[2023.04.16-14.58.01:494][  0]LogConfig: Setting CVar [[r.DOF.Recombine.EnableBokehSettings:0    ; no bokeh simulation on slight out of focus]]
[2023.04.16-14.58.01:494][  0]LogConfig: Setting CVar [[r.DOF.TemporalAAQuality:1                ; more stable temporal accumulation]]
[2023.04.16-14.58.01:494][  0]LogConfig: Setting CVar [[r.DOF.Kernel.MaxForegroundRadius:0.025]]
[2023.04.16-14.58.01:494][  0]LogConfig: Setting CVar [[r.DOF.Kernel.MaxBackgroundRadius:0.025]]
[2023.04.16-14.58.01:494][  0]LogConfig: Applying CVar settings from Section [TextureQuality@3] File [C:/Users/MSI/Documents/Unreal Projects/lalala/Saved/Config/Windows/Scalability.ini]
[2023.04.16-14.58.01:494][  0]LogConfig: Setting CVar [[r.Streaming.MipBias:0]]
[2023.04.16-14.58.01:494][  0]LogConfig: Setting CVar [[r.Streaming.AmortizeCPUToGPUCopy:0]]
[2023.04.16-14.58.01:494][  0]LogConfig: Setting CVar [[r.Streaming.MaxNumTexturesToStreamPerFrame:0]]
[2023.04.16-14.58.01:494][  0]LogConfig: Setting CVar [[r.Streaming.Boost:1]]
[2023.04.16-14.58.01:494][  0]LogConfig: Setting CVar [[r.MaxAnisotropy:8]]
[2023.04.16-14.58.01:494][  0]LogConfig: Setting CVar [[r.VT.MaxAnisotropy:8]]
[2023.04.16-14.58.01:494][  0]LogConfig: Setting CVar [[r.Streaming.LimitPoolSizeToVRAM:0]]
[2023.04.16-14.58.01:494][  0]LogConfig: Setting CVar [[r.Streaming.PoolSize:1000]]
[2023.04.16-14.58.01:494][  0]LogConfig: Setting CVar [[r.Streaming.MaxEffectiveScreenSize:0]]
[2023.04.16-14.58.01:494][  0]LogConfig: Applying CVar settings from Section [EffectsQuality@3] File [C:/Users/MSI/Documents/Unreal Projects/lalala/Saved/Config/Windows/Scalability.ini]
[2023.04.16-14.58.01:494][  0]LogConfig: Setting CVar [[r.TranslucencyLightingVolumeDim:64]]
[2023.04.16-14.58.01:494][  0]LogConfig: Setting CVar [[r.RefractionQuality:2]]
[2023.04.16-14.58.01:494][  0]LogConfig: Setting CVar [[r.SSR.Quality:3]]
[2023.04.16-14.58.01:494][  0]LogConfig: Setting CVar [[r.SSR.HalfResSceneColor:0]]
[2023.04.16-14.58.01:494][  0]LogConfig: Setting CVar [[r.SceneColorFormat:4]]
[2023.04.16-14.58.01:494][  0]LogConfig: Setting CVar [[r.DetailMode:2]]
[2023.04.16-14.58.01:494][  0]LogConfig: Setting CVar [[r.TranslucencyVolumeBlur:1]]
[2023.04.16-14.58.01:494][  0]LogConfig: Setting CVar [[r.MaterialQualityLevel:1 ; High quality]]
[2023.04.16-14.58.01:494][  0]LogConfig: Setting CVar [[r.AnisotropicMaterials:1]]
[2023.04.16-14.58.01:494][  0]LogConfig: Setting CVar [[r.SSS.Scale:1]]
[2023.04.16-14.58.01:495][  0]LogConfig: Setting CVar [[r.SSS.SampleSet:2]]
[2023.04.16-14.58.01:495][  0]LogConfig: Setting CVar [[r.SSS.Quality:1]]
[2023.04.16-14.58.01:495][  0]LogConfig: Setting CVar [[r.SSS.HalfRes:0]]
[2023.04.16-14.58.01:495][  0]LogConfig: Setting CVar [[r.SSGI.Quality:3]]
[2023.04.16-14.58.01:495][  0]LogConfig: Setting CVar [[r.EmitterSpawnRateScale:1.0]]
[2023.04.16-14.58.01:495][  0]LogConfig: Setting CVar [[r.ParticleLightQuality:2]]
[2023.04.16-14.58.01:495][  0]LogConfig: Setting CVar [[r.SkyAtmosphere.AerialPerspectiveLUT.FastApplyOnOpaque:1 ; Always have FastSkyLUT 1 in this case to avoid wrong sky]]
[2023.04.16-14.58.01:495][  0]LogConfig: Setting CVar [[r.SkyAtmosphere.AerialPerspectiveLUT.SampleCountMaxPerSlice:4]]
[2023.04.16-14.58.01:495][  0]LogConfig: Setting CVar [[r.SkyAtmosphere.AerialPerspectiveLUT.DepthResolution:16.0]]
[2023.04.16-14.58.01:495][  0]LogConfig: Setting CVar [[r.SkyAtmosphere.FastSkyLUT:1]]
[2023.04.16-14.58.01:495][  0]LogConfig: Setting CVar [[r.SkyAtmosphere.FastSkyLUT.SampleCountMin:4.0]]
[2023.04.16-14.58.01:495][  0]LogConfig: Setting CVar [[r.SkyAtmosphere.FastSkyLUT.SampleCountMax:128.0]]
[2023.04.16-14.58.01:495][  0]LogConfig: Setting CVar [[r.SkyAtmosphere.SampleCountMin:4.0]]
[2023.04.16-14.58.01:495][  0]LogConfig: Setting CVar [[r.SkyAtmosphere.SampleCountMax:128.0]]
[2023.04.16-14.58.01:495][  0]LogConfig: Setting CVar [[r.SkyAtmosphere.TransmittanceLUT.UseSmallFormat:0]]
[2023.04.16-14.58.01:495][  0]LogConfig: Setting CVar [[r.SkyAtmosphere.TransmittanceLUT.SampleCount:10.0]]
[2023.04.16-14.58.01:495][  0]LogConfig: Setting CVar [[r.SkyAtmosphere.MultiScatteringLUT.SampleCount:15.0]]
[2023.04.16-14.58.01:495][  0]LogConfig: Setting CVar [[r.SkyLight.RealTimeReflectionCapture:1]]
[2023.04.16-14.58.01:495][  0]LogConfig: Setting CVar [[fx.Niagara.QualityLevel:3]]
[2023.04.16-14.58.01:495][  0]LogConfig: Applying CVar settings from Section [FoliageQuality@3] File [C:/Users/MSI/Documents/Unreal Projects/lalala/Saved/Config/Windows/Scalability.ini]
[2023.04.16-14.58.01:495][  0]LogConfig: Setting CVar [[foliage.DensityScale:1.0]]
[2023.04.16-14.58.01:495][  0]LogConfig: Setting CVar [[grass.DensityScale:1.0]]
[2023.04.16-14.58.01:495][  0]LogConfig: Applying CVar settings from Section [ShadingQuality@3] File [C:/Users/MSI/Documents/Unreal Projects/lalala/Saved/Config/Windows/Scalability.ini]
[2023.04.16-14.58.01:495][  0]LogConfig: Setting CVar [[r.HairStrands.SkyLighting.IntegrationType:2]]
[2023.04.16-14.58.01:495][  0]LogConfig: Setting CVar [[r.HairStrands.SkyAO.SampleCount:4]]
[2023.04.16-14.58.01:495][  0]LogConfig: Setting CVar [[r.HairStrands.Visibility.MSAA.SamplePerPixel:4]]
[2023.04.16-14.58.01:495][  0]LogConfig: Setting CVar [[r.HairStrands.Interpolation.UseSingleGuide:0]]
[2023.04.16-14.58.01:495][  0]LogInit: Selected Device Profile: [Windows]
[2023.04.16-14.58.01:495][  0]LogInit: Applying CVar settings loaded from the selected device profile: [Windows]
[2023.04.16-14.58.01:495][  0]LogHAL: Display: Platform has ~ 16 GB [16867008512 / 17179869184 / 16], which maps to Larger [LargestMinGB=32, LargerMinGB=12, DefaultMinGB=8, SmallerMinGB=6, SmallestMinGB=0)
[2023.04.16-14.58.01:495][  0]LogInit: Going up to parent DeviceProfile []
[2023.04.16-14.58.01:495][  0]LogConfig: Applying CVar settings from Section [ViewDistanceQuality@3] File [C:/Users/MSI/Documents/Unreal Projects/lalala/Saved/Config/Windows/Scalability.ini]
[2023.04.16-14.58.01:495][  0]LogConfig: Setting CVar [[r.SkeletalMeshLODBias:0]]
[2023.04.16-14.58.01:495][  0]LogConfig: Setting CVar [[r.ViewDistanceScale:1.0]]
[2023.04.16-14.58.01:495][  0]LogConfig: Applying CVar settings from Section [AntiAliasingQuality@3] File [C:/Users/MSI/Documents/Unreal Projects/lalala/Saved/Config/Windows/Scalability.ini]
[2023.04.16-14.58.01:495][  0]LogConfig: Setting CVar [[r.PostProcessAAQuality:4]]
[2023.04.16-14.58.01:495][  0]LogConfig: Applying CVar settings from Section [ShadowQuality@3] File [C:/Users/MSI/Documents/Unreal Projects/lalala/Saved/Config/Windows/Scalability.ini]
[2023.04.16-14.58.01:495][  0]LogConfig: Setting CVar [[r.LightFunctionQuality:1]]
[2023.04.16-14.58.01:495][  0]LogConfig: Setting CVar [[r.ShadowQuality:5]]
[2023.04.16-14.58.01:495][  0]LogConfig: Setting CVar [[r.Shadow.CSM.MaxCascades:10]]
[2023.04.16-14.58.01:495][  0]LogConfig: Setting CVar [[r.Shadow.MaxResolution:2048]]
[2023.04.16-14.58.01:495][  0]LogConfig: Setting CVar [[r.Shadow.MaxCSMResolution:2048]]
[2023.04.16-14.58.01:495][  0]LogConfig: Setting CVar [[r.Shadow.RadiusThreshold:0.01]]
[2023.04.16-14.58.01:495][  0]LogConfig: Setting CVar [[r.Shadow.DistanceScale:1.0]]
[2023.04.16-14.58.01:495][  0]LogConfig: Setting CVar [[r.Shadow.CSM.TransitionScale:1.0]]
[2023.04.16-14.58.01:495][  0]LogConfig: Setting CVar [[r.Shadow.PreShadowResolutionFactor:1.0]]
[2023.04.16-14.58.01:495][  0]LogConfig: Setting CVar [[r.DistanceFieldShadowing:1]]
[2023.04.16-14.58.01:496][  0]LogConfig: Setting CVar [[r.DistanceFieldAO:1]]
[2023.04.16-14.58.01:496][  0]LogConfig: Setting CVar [[r.AOQuality:2]]
[2023.04.16-14.58.01:496][  0]LogConfig: Setting CVar [[r.VolumetricFog:1]]
[2023.04.16-14.58.01:496][  0]LogConfig: Setting CVar [[r.VolumetricFog.GridPixelSize:8]]
[2023.04.16-14.58.01:496][  0]LogConfig: Setting CVar [[r.VolumetricFog.GridSizeZ:128]]
[2023.04.16-14.58.01:496][  0]LogConfig: Setting CVar [[r.VolumetricFog.HistoryMissSupersampleCount:4]]
[2023.04.16-14.58.01:496][  0]LogConfig: Setting CVar [[r.LightMaxDrawDistanceScale:1]]
[2023.04.16-14.58.01:496][  0]LogConfig: Setting CVar [[r.CapsuleShadows:1]]
[2023.04.16-14.58.01:496][  0]LogConfig: Applying CVar settings from Section [PostProcessQuality@3] File [C:/Users/MSI/Documents/Unreal Projects/lalala/Saved/Config/Windows/Scalability.ini]
[2023.04.16-14.58.01:496][  0]LogConfig: Setting CVar [[r.MotionBlurQuality:4]]
[2023.04.16-14.58.01:496][  0]LogConfig: Setting CVar [[r.AmbientOcclusionMipLevelFactor:0.4]]
[2023.04.16-14.58.01:496][  0]LogConfig: Setting CVar [[r.AmbientOcclusionMaxQuality:100]]
[2023.04.16-14.58.01:496][  0]LogConfig: Setting CVar [[r.AmbientOcclusionLevels:-1]]
[2023.04.16-14.58.01:496][  0]LogConfig: Setting CVar [[r.AmbientOcclusionRadiusScale:1.0]]
[2023.04.16-14.58.01:496][  0]LogConfig: Setting CVar [[r.DepthOfFieldQuality:2]]
[2023.04.16-14.58.01:496][  0]LogConfig: Setting CVar [[r.RenderTargetPoolMin:400]]
[2023.04.16-14.58.01:496][  0]LogConfig: Setting CVar [[r.LensFlareQuality:2]]
[2023.04.16-14.58.01:496][  0]LogConfig: Setting CVar [[r.SceneColorFringeQuality:1]]
[2023.04.16-14.58.01:496][  0]LogConfig: Setting CVar [[r.EyeAdaptationQuality:2]]
[2023.04.16-14.58.01:496][  0]LogConfig: Setting CVar [[r.BloomQuality:5]]
[2023.04.16-14.58.01:496][  0]LogConfig: Setting CVar [[r.FastBlurThreshold:100]]
[2023.04.16-14.58.01:496][  0]LogConfig: Setting CVar [[r.Upscale.Quality:3]]
[2023.04.16-14.58.01:496][  0]LogConfig: Setting CVar [[r.Tonemapper.GrainQuantization:1]]
[2023.04.16-14.58.01:496][  0]LogConfig: Setting CVar [[r.LightShaftQuality:1]]
[2023.04.16-14.58.01:496][  0]LogConfig: Setting CVar [[r.Filter.SizeScale:1]]
[2023.04.16-14.58.01:496][  0]LogConfig: Setting CVar [[r.Tonemapper.Quality:5]]
[2023.04.16-14.58.01:496][  0]LogConfig: Setting CVar [[r.DOF.Gather.AccumulatorQuality:1        ; higher gathering accumulator quality]]
[2023.04.16-14.58.01:496][  0]LogConfig: Setting CVar [[r.DOF.Gather.PostfilterMethod:1          ; Median3x3 postfilering method]]
[2023.04.16-14.58.01:496][  0]LogConfig: Setting CVar [[r.DOF.Gather.EnableBokehSettings:0       ; no bokeh simulation when gathering]]
[2023.04.16-14.58.01:496][  0]LogConfig: Setting CVar [[r.DOF.Gather.RingCount:4                 ; medium number of samples when gathering]]
[2023.04.16-14.58.01:496][  0]LogConfig: Setting CVar [[r.DOF.Scatter.ForegroundCompositing:1    ; additive foreground scattering]]
[2023.04.16-14.58.01:496][  0]LogConfig: Setting CVar [[r.DOF.Scatter.BackgroundCompositing:2    ; additive background scattering]]
[2023.04.16-14.58.01:496][  0]LogConfig: Setting CVar [[r.DOF.Scatter.EnableBokehSettings:1      ; bokeh simulation when scattering]]
[2023.04.16-14.58.01:496][  0]LogConfig: Setting CVar [[r.DOF.Scatter.MaxSpriteRatio:0.1         ; only a maximum of 10% of scattered bokeh]]
[2023.04.16-14.58.01:496][  0]LogConfig: Setting CVar [[r.DOF.Recombine.Quality:1                ; cheap slight out of focus]]
[2023.04.16-14.58.01:496][  0]LogConfig: Setting CVar [[r.DOF.Recombine.EnableBokehSettings:0    ; no bokeh simulation on slight out of focus]]
[2023.04.16-14.58.01:496][  0]LogConfig: Setting CVar [[r.DOF.TemporalAAQuality:1                ; more stable temporal accumulation]]
[2023.04.16-14.58.01:496][  0]LogConfig: Setting CVar [[r.DOF.Kernel.MaxForegroundRadius:0.025]]
[2023.04.16-14.58.01:496][  0]LogConfig: Setting CVar [[r.DOF.Kernel.MaxBackgroundRadius:0.025]]
[2023.04.16-14.58.01:496][  0]LogConfig: Applying CVar settings from Section [TextureQuality@3] File [C:/Users/MSI/Documents/Unreal Projects/lalala/Saved/Config/Windows/Scalability.ini]
[2023.04.16-14.58.01:496][  0]LogConfig: Setting CVar [[r.Streaming.MipBias:0]]
[2023.04.16-14.58.01:496][  0]LogConfig: Setting CVar [[r.Streaming.AmortizeCPUToGPUCopy:0]]
[2023.04.16-14.58.01:496][  0]LogConfig: Setting CVar [[r.Streaming.MaxNumTexturesToStreamPerFrame:0]]
[2023.04.16-14.58.01:496][  0]LogConfig: Setting CVar [[r.Streaming.Boost:1]]
[2023.04.16-14.58.01:496][  0]LogConfig: Setting CVar [[r.MaxAnisotropy:8]]
[2023.04.16-14.58.01:496][  0]LogConfig: Setting CVar [[r.VT.MaxAnisotropy:8]]
[2023.04.16-14.58.01:496][  0]LogConfig: Setting CVar [[r.Streaming.LimitPoolSizeToVRAM:0]]
[2023.04.16-14.58.01:496][  0]LogConfig: Setting CVar [[r.Streaming.PoolSize:1000]]
[2023.04.16-14.58.01:496][  0]LogConfig: Setting CVar [[r.Streaming.MaxEffectiveScreenSize:0]]
[2023.04.16-14.58.01:496][  0]LogConfig: Applying CVar settings from Section [EffectsQuality@3] File [C:/Users/MSI/Documents/Unreal Projects/lalala/Saved/Config/Windows/Scalability.ini]
[2023.04.16-14.58.01:496][  0]LogConfig: Setting CVar [[r.TranslucencyLightingVolumeDim:64]]
[2023.04.16-14.58.01:496][  0]LogConfig: Setting CVar [[r.RefractionQuality:2]]
[2023.04.16-14.58.01:496][  0]LogConfig: Setting CVar [[r.SSR.Quality:3]]
[2023.04.16-14.58.01:496][  0]LogConfig: Setting CVar [[r.SSR.HalfResSceneColor:0]]
[2023.04.16-14.58.01:496][  0]LogConfig: Setting CVar [[r.SceneColorFormat:4]]
[2023.04.16-14.58.01:496][  0]LogConfig: Setting CVar [[r.DetailMode:2]]
[2023.04.16-14.58.01:496][  0]LogConfig: Setting CVar [[r.TranslucencyVolumeBlur:1]]
[2023.04.16-14.58.01:496][  0]LogConfig: Setting CVar [[r.MaterialQualityLevel:1 ; High quality]]
[2023.04.16-14.58.01:496][  0]LogConfig: Setting CVar [[r.AnisotropicMaterials:1]]
[2023.04.16-14.58.01:496][  0]LogConfig: Setting CVar [[r.SSS.Scale:1]]
[2023.04.16-14.58.01:496][  0]LogConfig: Setting CVar [[r.SSS.SampleSet:2]]
[2023.04.16-14.58.01:496][  0]LogConfig: Setting CVar [[r.SSS.Quality:1]]
[2023.04.16-14.58.01:496][  0]LogConfig: Setting CVar [[r.SSS.HalfRes:0]]
[2023.04.16-14.58.01:496][  0]LogConfig: Setting CVar [[r.SSGI.Quality:3]]
[2023.04.16-14.58.01:496][  0]LogConfig: Setting CVar [[r.EmitterSpawnRateScale:1.0]]
[2023.04.16-14.58.01:496][  0]LogConfig: Setting CVar [[r.ParticleLightQuality:2]]
[2023.04.16-14.58.01:496][  0]LogConfig: Setting CVar [[r.SkyAtmosphere.AerialPerspectiveLUT.FastApplyOnOpaque:1 ; Always have FastSkyLUT 1 in this case to avoid wrong sky]]
[2023.04.16-14.58.01:496][  0]LogConfig: Setting CVar [[r.SkyAtmosphere.AerialPerspectiveLUT.SampleCountMaxPerSlice:4]]
[2023.04.16-14.58.01:496][  0]LogConfig: Setting CVar [[r.SkyAtmosphere.AerialPerspectiveLUT.DepthResolution:16.0]]
[2023.04.16-14.58.01:496][  0]LogConfig: Setting CVar [[r.SkyAtmosphere.FastSkyLUT:1]]
[2023.04.16-14.58.01:496][  0]LogConfig: Setting CVar [[r.SkyAtmosphere.FastSkyLUT.SampleCountMin:4.0]]
[2023.04.16-14.58.01:496][  0]LogConfig: Setting CVar [[r.SkyAtmosphere.FastSkyLUT.SampleCountMax:128.0]]
[2023.04.16-14.58.01:496][  0]LogConfig: Setting CVar [[r.SkyAtmosphere.SampleCountMin:4.0]]
[2023.04.16-14.58.01:496][  0]LogConfig: Setting CVar [[r.SkyAtmosphere.SampleCountMax:128.0]]
[2023.04.16-14.58.01:496][  0]LogConfig: Setting CVar [[r.SkyAtmosphere.TransmittanceLUT.UseSmallFormat:0]]
[2023.04.16-14.58.01:496][  0]LogConfig: Setting CVar [[r.SkyAtmosphere.TransmittanceLUT.SampleCount:10.0]]
[2023.04.16-14.58.01:496][  0]LogConfig: Setting CVar [[r.SkyAtmosphere.MultiScatteringLUT.SampleCount:15.0]]
[2023.04.16-14.58.01:496][  0]LogConfig: Setting CVar [[r.SkyLight.RealTimeReflectionCapture:1]]
[2023.04.16-14.58.01:496][  0]LogConfig: Setting CVar [[fx.Niagara.QualityLevel:3]]
[2023.04.16-14.58.01:496][  0]LogConfig: Applying CVar settings from Section [FoliageQuality@3] File [C:/Users/MSI/Documents/Unreal Projects/lalala/Saved/Config/Windows/Scalability.ini]
[2023.04.16-14.58.01:496][  0]LogConfig: Setting CVar [[foliage.DensityScale:1.0]]
[2023.04.16-14.58.01:496][  0]LogConfig: Setting CVar [[grass.DensityScale:1.0]]
[2023.04.16-14.58.01:496][  0]LogConfig: Applying CVar settings from Section [ShadingQuality@3] File [C:/Users/MSI/Documents/Unreal Projects/lalala/Saved/Config/Windows/Scalability.ini]
[2023.04.16-14.58.01:496][  0]LogConfig: Setting CVar [[r.HairStrands.SkyLighting.IntegrationType:2]]
[2023.04.16-14.58.01:496][  0]LogConfig: Setting CVar [[r.HairStrands.SkyAO.SampleCount:4]]
[2023.04.16-14.58.01:496][  0]LogConfig: Setting CVar [[r.HairStrands.Visibility.MSAA.SamplePerPixel:4]]
[2023.04.16-14.58.01:496][  0]LogConfig: Setting CVar [[r.HairStrands.Interpolation.UseSingleGuide:0]]
[2023.04.16-14.58.01:496][  0]LogConfig: Applying CVar settings from Section [Startup] File [../../../Engine/Config/ConsoleVariables.ini]
[2023.04.16-14.58.01:496][  0]LogConfig: Setting CVar [[net.UseAdaptiveNetUpdateFrequency:0]]
[2023.04.16-14.58.01:496][  0]LogConfig: Setting CVar [[p.chaos.AllowCreatePhysxBodies:1]]
[2023.04.16-14.58.01:496][  0]LogConfig: Setting CVar [[fx.SkipVectorVMBackendOptimizations:1]]
[2023.04.16-14.58.01:496][  0]LogConfig: Applying CVar settings from Section [ConsoleVariables] File [C:/Users/MSI/Documents/Unreal Projects/lalala/Saved/Config/Windows/Engine.ini]
[2023.04.16-14.58.01:496][  0]LogConfig: Applying CVar settings from Section [ConsoleVariables] File [C:/Users/MSI/Documents/Unreal Projects/lalala/Saved/Config/Windows/Editor.ini]
[2023.04.16-14.58.01:497][  0]LogInit: Computer: DESKTOP-G3G3E4I
[2023.04.16-14.58.01:497][  0]LogInit: User: MSI
[2023.04.16-14.58.01:497][  0]LogInit: CPU Page size=4096, Cores=6
[2023.04.16-14.58.01:497][  0]LogInit: High frequency timer resolution =10.000000 MHz
[2023.04.16-14.58.01:497][  0]LogMemory: Memory total: Physical=15.7GB (16GB approx)
[2023.04.16-14.58.01:497][  0]LogMemory: Platform Memory Stats for Windows
[2023.04.16-14.58.01:497][  0]LogMemory: Process Physical Memory: 148.26 MB used, 148.26 MB peak
[2023.04.16-14.58.01:497][  0]LogMemory: Process Virtual Memory: 130.64 MB used, 130.64 MB peak
[2023.04.16-14.58.01:497][  0]LogMemory: Physical Memory: 9231.52 MB used,  6854.11 MB free, 16085.63 MB total
[2023.04.16-14.58.01:497][  0]LogMemory: Virtual Memory: 134210560.00 MB used,  7165.05 MB free, 134217728.00 MB total
[2023.04.16-14.58.01:502][  0]LogWindows: WindowsPlatformFeatures enabled
[2023.04.16-14.58.01:543][  0]LogInit: Physics initialised using underlying interface: PhysX
[2023.04.16-14.58.01:543][  0]LogInit: Using OS detected language (ru-RU).
[2023.04.16-14.58.01:543][  0]LogInit: Using OS detected locale (ru-RU).
[2023.04.16-14.58.01:544][  0]LogTextLocalizationManager: No specific localization for 'ru-RU' exists, so the 'ru' localization will be used.
[2023.04.16-14.58.01:546][  0]LogTextLocalizationResource: LocRes '../../../Engine/Content/Localization/Editor/ru/Editor.locres' could not be opened for reading!
[2023.04.16-14.58.01:546][  0]LogTextLocalizationResource: LocRes '../../../Engine/Content/Localization/EditorTutorials/ru/EditorTutorials.locres' could not be opened for reading!
[2023.04.16-14.58.01:546][  0]LogTextLocalizationResource: LocRes '../../../Engine/Content/Localization/Keywords/ru/Keywords.locres' could not be opened for reading!
[2023.04.16-14.58.01:546][  0]LogTextLocalizationResource: LocRes '../../../Engine/Content/Localization/Category/ru/Category.locres' could not be opened for reading!
[2023.04.16-14.58.01:546][  0]LogTextLocalizationResource: LocRes '../../../Engine/Content/Localization/ToolTips/ru/ToolTips.locres' could not be opened for reading!
[2023.04.16-14.58.01:546][  0]LogTextLocalizationResource: LocRes '../../../Engine/Content/Localization/PropertyNames/ru/PropertyNames.locres' could not be opened for reading!
[2023.04.16-14.58.01:546][  0]LogTextLocalizationResource: LocRes '../../../Engine/Content/Localization/Engine/ru/Engine.locres' could not be opened for reading!
[2023.04.16-14.58.01:546][  0]LogInit: Setting process to per monitor DPI aware
[2023.04.16-14.58.01:559][  0]LogWindowsTextInputMethodSystem: Display: IME system deactivated.
[2023.04.16-14.58.01:572][  0]LogSlate: New Slate User Created.  User Index 0, Is Virtual User: 0
[2023.04.16-14.58.01:572][  0]LogSlate: Slate User Registered.  User Index 0, Is Virtual User: 0
[2023.04.16-14.58.01:660][  0]LogD3D11RHI: Loaded GFSDK_Aftermath_Lib.x64.dll
[2023.04.16-14.58.01:712][  0]LogHMD: Failed to initialize OpenVR with code 110
[2023.04.16-14.58.01:712][  0]LogD3D11RHI: D3D11 min allowed feature level: 11_0
[2023.04.16-14.58.01:712][  0]LogD3D11RHI: D3D11 max allowed feature level: 11_0
[2023.04.16-14.58.01:712][  0]LogD3D11RHI: D3D11 adapters:
[2023.04.16-14.58.01:841][  0]LogD3D11RHI:    0. 'NVIDIA GeForce RTX 3050 Laptop GPU' (Feature Level 11_0)
[2023.04.16-14.58.01:841][  0]LogD3D11RHI:       3979/0/8042 MB DedicatedVideo/DedicatedSystem/SharedSystem, Outputs:1, VendorId:0x10de
[2023.04.16-14.58.01:873][  0]LogD3D11RHI:    1. 'Intel(R) UHD Graphics' (Feature Level 11_0)
[2023.04.16-14.58.01:873][  0]LogD3D11RHI:       128/0/8042 MB DedicatedVideo/DedicatedSystem/SharedSystem, Outputs:0, VendorId:0x8086
[2023.04.16-14.58.01:876][  0]LogD3D11RHI:    2. 'Microsoft Basic Render Driver' (Feature Level 11_0)
[2023.04.16-14.58.01:876][  0]LogD3D11RHI:       0/0/8042 MB DedicatedVideo/DedicatedSystem/SharedSystem, Outputs:0, VendorId:0x1414
[2023.04.16-14.58.01:876][  0]LogD3D11RHI: Chosen D3D11 Adapter:
[2023.04.16-14.58.01:877][  0]LogD3D11RHI:     Description : NVIDIA GeForce RTX 3050 Laptop GPU
[2023.04.16-14.58.01:877][  0]LogD3D11RHI:     VendorId    : 10de
[2023.04.16-14.58.01:877][  0]LogD3D11RHI:     DeviceId    : 25a2
[2023.04.16-14.58.01:877][  0]LogD3D11RHI:     SubSysId    : 132e1462
[2023.04.16-14.58.01:877][  0]LogD3D11RHI:     Revision    : 00a1
[2023.04.16-14.58.01:877][  0]LogD3D11RHI:     DedicatedVideoMemory : 4172283904 bytes
[2023.04.16-14.58.01:877][  0]LogD3D11RHI:     DedicatedSystemMemory : 0 bytes
[2023.04.16-14.58.01:877][  0]LogD3D11RHI:     SharedSystemMemory : 8433504256 bytes
[2023.04.16-14.58.01:877][  0]LogD3D11RHI:     AdapterLuid : 0 63459
[2023.04.16-14.58.01:882][  0]LogD3D11RHI: Creating new Direct3DDevice
[2023.04.16-14.58.01:882][  0]LogD3D11RHI:     GPU DeviceId: 0x25a2 (for the marketing name, search the web for "GPU Device Id")
[2023.04.16-14.58.01:883][  0]LogWindows: EnumDisplayDevices:
[2023.04.16-14.58.01:883][  0]LogWindows:    0. 'Intel(R) UHD Graphics' (P:1 D:1)
[2023.04.16-14.58.01:883][  0]LogWindows:    1. 'Intel(R) UHD Graphics' (P:0 D:0)
[2023.04.16-14.58.01:883][  0]LogWindows:    2. 'Intel(R) UHD Graphics' (P:0 D:0)
[2023.04.16-14.58.01:883][  0]LogWindows:    3. 'Intel(R) UHD Graphics' (P:0 D:0)
[2023.04.16-14.58.01:883][  0]LogWindows: DebugString: PrimaryIsNotTheChoosenAdapter PrimaryIsNotTheChoosenAdapter PrimaryIsNotTheChoosenAdapter PrimaryIsNotTheChoosenAdapter FoundDriverCount:0 
[2023.04.16-14.58.01:883][  0]LogD3D11RHI:     Adapter Name: NVIDIA GeForce RTX 3050 Laptop GPU
[2023.04.16-14.58.01:883][  0]LogD3D11RHI:   Driver Version: Unknown (internal:Unknown, unified:Unknown)
[2023.04.16-14.58.01:883][  0]LogD3D11RHI:      Driver Date: Unknown
[2023.04.16-14.58.01:883][  0]LogRHI: Texture pool is 2785 MB (70% of 3979 MB)
[2023.04.16-14.58.01:883][  0]LogD3D11RHI: Creating D3DDevice using adapter:
[2023.04.16-14.58.01:883][  0]LogD3D11RHI:     Description : NVIDIA GeForce RTX 3050 Laptop GPU
[2023.04.16-14.58.01:883][  0]LogD3D11RHI:     VendorId    : 10de
[2023.04.16-14.58.01:883][  0]LogD3D11RHI:     DeviceId    : 25a2
[2023.04.16-14.58.01:883][  0]LogD3D11RHI:     SubSysId    : 132e1462
[2023.04.16-14.58.01:883][  0]LogD3D11RHI:     Revision    : 00a1
[2023.04.16-14.58.01:883][  0]LogD3D11RHI:     DedicatedVideoMemory : 4172283904 bytes
[2023.04.16-14.58.01:884][  0]LogD3D11RHI:     DedicatedSystemMemory : 0 bytes
[2023.04.16-14.58.01:884][  0]LogD3D11RHI:     SharedSystemMemory : 8433504256 bytes
[2023.04.16-14.58.01:884][  0]LogD3D11RHI:     AdapterLuid : 0 63459
[2023.04.16-14.58.01:952][  0]LogD3D11RHI: RHI has support for 64 bit atomics
[2023.04.16-14.58.01:952][  0]LogD3D11RHI: Async texture creation enabled
[2023.04.16-14.58.01:952][  0]LogD3D11RHI: Array index from any shader is supported
[2023.04.16-14.58.01:972][  0]LogD3D11RHI: GPU Timing Frequency: 1000.000000 (Debug: 2 1)
[2023.04.16-14.58.01:997][  0]LogRHI: GeForceNow SDK initialized: 1
[2023.04.16-14.58.02:271][  0]LogTargetPlatformManager: Display: Loaded TargetPlatform 'AllDesktop'
[2023.04.16-14.58.02:289][  0]LogTargetPlatformManager: Display: Loaded TargetPlatform 'Android'
[2023.04.16-14.58.02:289][  0]LogTargetPlatformManager: Display: Loaded TargetPlatform 'Android_ASTC'
[2023.04.16-14.58.02:289][  0]LogTargetPlatformManager: Display: Loaded TargetPlatform 'Android_DXT'
[2023.04.16-14.58.02:289][  0]LogTargetPlatformManager: Display: Loaded TargetPlatform 'Android_ETC2'
[2023.04.16-14.58.02:289][  0]LogTargetPlatformManager: Display: Loaded TargetPlatform 'AndroidClient'
[2023.04.16-14.58.02:289][  0]LogTargetPlatformManager: Display: Loaded TargetPlatform 'Android_ASTCClient'
[2023.04.16-14.58.02:289][  0]LogTargetPlatformManager: Display: Loaded TargetPlatform 'Android_DXTClient'
[2023.04.16-14.58.02:289][  0]LogTargetPlatformManager: Display: Loaded TargetPlatform 'Android_ETC2Client'
[2023.04.16-14.58.02:289][  0]LogTargetPlatformManager: Display: Loaded TargetPlatform 'Android_Multi'
[2023.04.16-14.58.02:289][  0]LogTargetPlatformManager: Display: Loaded TargetPlatform 'Android_MultiClient'
[2023.04.16-14.58.02:307][  0]LogTargetPlatformManager: Display: Loaded TargetPlatform 'IOSClient'
[2023.04.16-14.58.02:307][  0]LogTargetPlatformManager: Display: Loaded TargetPlatform 'IOS'
[2023.04.16-14.58.02:316][  0]LogTargetPlatformManager: Display: Loaded TargetPlatform 'Linux'
[2023.04.16-14.58.02:321][  0]LogTargetPlatformManager: Display: Loaded TargetPlatform 'LinuxNoEditor'
[2023.04.16-14.58.02:326][  0]LogTargetPlatformManager: Display: Loaded TargetPlatform 'LinuxClient'
[2023.04.16-14.58.02:331][  0]LogTargetPlatformManager: Display: Loaded TargetPlatform 'LinuxServer'
[2023.04.16-14.58.02:338][  0]LogTargetPlatformManager: Display: Loaded TargetPlatform 'LinuxAArch64NoEditor'
[2023.04.16-14.58.02:344][  0]LogTargetPlatformManager: Display: Loaded TargetPlatform 'LinuxAArch64Client'
[2023.04.16-14.58.02:349][  0]LogTargetPlatformManager: Display: Loaded TargetPlatform 'LinuxAArch64Server'
[2023.04.16-14.58.02:369][  0]LogTargetPlatformManager: Display: Loaded TargetPlatform 'Lumin'
[2023.04.16-14.58.02:369][  0]LogTargetPlatformManager: Display: Loaded TargetPlatform 'LuminClient'
[2023.04.16-14.58.02:378][  0]LogTargetPlatformManager: Display: Loaded TargetPlatform 'MacNoEditor'
[2023.04.16-14.58.02:383][  0]LogTargetPlatformManager: Display: Loaded TargetPlatform 'Mac'
[2023.04.16-14.58.02:387][  0]LogTargetPlatformManager: Display: Loaded TargetPlatform 'MacClient'
[2023.04.16-14.58.02:392][  0]LogTargetPlatformManager: Display: Loaded TargetPlatform 'MacServer'
[2023.04.16-14.58.02:401][  0]LogTargetPlatformManager: Display: Loaded TargetPlatform 'TVOSClient'
[2023.04.16-14.58.02:401][  0]LogTargetPlatformManager: Display: Loaded TargetPlatform 'TVOS'
[2023.04.16-14.58.02:410][  0]LogTargetPlatformManager: Display: Loaded TargetPlatform 'WindowsNoEditor'
[2023.04.16-14.58.02:414][  0]LogTargetPlatformManager: Display: Loaded TargetPlatform 'Windows'
[2023.04.16-14.58.02:418][  0]LogTargetPlatformManager: Display: Loaded TargetPlatform 'WindowsClient'
[2023.04.16-14.58.02:422][  0]LogTargetPlatformManager: Display: Loaded TargetPlatform 'WindowsServer'
[2023.04.16-14.58.02:422][  0]LogTargetPlatformManager: Display: Building Assets For Windows
[2023.04.16-14.58.02:431][  0]LogAudioDebug: Display: Lib vorbis DLL was dynamically loaded.
[2023.04.16-14.58.02:464][  0]LogTextureFormatOodle: Display: Oodle Texture 2.9.0 init RDO Off
[2023.04.16-14.58.02:496][  0]LogRendererCore: Ray tracing is disabled. Reason: r.RayTracing=0.
[2023.04.16-14.58.02:496][  0]LogShaderCompilers: Guid format shader working directory is -17 characters bigger than the processId version (../../../../../../Users/MSI/Documents/Unreal Projects/lalala/Intermediate/Shaders/WorkingDirectory/23516/).
[2023.04.16-14.58.02:496][  0]LogShaderCompilers: Cleaned the shader compiler working directory 'C:/Users/MSI/AppData/Local/Temp/UnrealShaderWorkingDir/104E601B4FA04DA221ADFE837A4A41AF/'.
[2023.04.16-14.58.02:496][  0]LogXGEController: Cannot use XGE Controller as Incredibuild is not installed on this machine.
[2023.04.16-14.58.02:496][  0]LogShaderCompilers: Cannot use XGE Shader Compiler as Incredibuild is not installed on this machine.
[2023.04.16-14.58.02:496][  0]LogShaderCompilers: Display: Using Local Shader Compiler.
[2023.04.16-14.58.03:292][  0]LogDerivedDataCache: Display: Max Cache Size: 512 MB
[2023.04.16-14.58.03:346][  0]LogDerivedDataCache: Loaded boot cache 0.05s 94MB C:/Users/MSI/AppData/Local/UnrealEngine/4.27/DerivedDataCache/Boot.ddc.
[2023.04.16-14.58.03:346][  0]LogDerivedDataCache: Display: Loaded Boot cache: C:/Users/MSI/AppData/Local/UnrealEngine/4.27/DerivedDataCache/Boot.ddc
[2023.04.16-14.58.03:346][  0]LogDerivedDataCache: FDerivedDataBackendGraph:  Pak pak cache file ../../../../../../Users/MSI/Documents/Unreal Projects/lalala/DerivedDataCache/DDC.ddp not found, will not use a pak cache.
[2023.04.16-14.58.03:346][  0]LogDerivedDataCache: Unable to find inner node Pak for hierarchical cache Hierarchy.
[2023.04.16-14.58.03:346][  0]LogDerivedDataCache: FDerivedDataBackendGraph:  CompressedPak pak cache file ../../../../../../Users/MSI/Documents/Unreal Projects/lalala/DerivedDataCache/Compressed.ddp not found, will not use a pak cache.
[2023.04.16-14.58.03:346][  0]LogDerivedDataCache: Unable to find inner node CompressedPak for hierarchical cache Hierarchy.
[2023.04.16-14.58.03:360][  0]LogDerivedDataCache: Display: Pak cache opened for reading ../../../Engine/DerivedDataCache/Compressed.ddp.
[2023.04.16-14.58.03:360][  0]LogDerivedDataCache: FDerivedDataBackendGraph:  EnterprisePak pak cache file ../../../Enterprise/DerivedDataCache/Compressed.ddp not found, will not use a pak cache.
[2023.04.16-14.58.03:360][  0]LogDerivedDataCache: Unable to find inner node EnterprisePak for hierarchical cache Hierarchy.
[2023.04.16-14.58.03:367][  0]LogDerivedDataCache: Speed tests for C:/Users/MSI/AppData/Local/UnrealEngine/Common/DerivedDataCache took 0.01 seconds
[2023.04.16-14.58.03:367][  0]LogDerivedDataCache: Display: Performance to C:/Users/MSI/AppData/Local/UnrealEngine/Common/DerivedDataCache: Latency=0.01ms. RandomReadSpeed=1155.47MBs, RandomWriteSpeed=190.84MBs. Assigned SpeedClass 'Local'
[2023.04.16-14.58.03:368][  0]LogDerivedDataCache: Using Local data cache path C:/Users/MSI/AppData/Local/UnrealEngine/Common/DerivedDataCache: Writable
[2023.04.16-14.58.03:368][  0]LogDerivedDataCache: Shared data cache path not found in *engine.ini, will not use an Shared cache.
[2023.04.16-14.58.03:368][  0]LogDerivedDataCache: Unable to find inner node Shared for hierarchical cache Hierarchy.
[2023.04.16-14.58.03:445][  0]LogSlate: Using FreeType 2.10.0
[2023.04.16-14.58.03:445][  0]LogSlate: SlateFontServices - WITH_FREETYPE: 1, WITH_HARFBUZZ: 1
[2023.04.16-14.58.03:470][  0]LogAssetRegistry: FAssetRegistry took 0.0028 seconds to start up
[2023.04.16-14.58.03:683][  0]LogInit: Selected Device Profile: [Windows]
[2023.04.16-14.58.03:683][  0]LogInit: Active device profile: [000001421A97B100][000001421A605500 49] Windows
[2023.04.16-14.58.03:683][  0]LogInit: Profiles: [000001421A97B100][000001421A605500 49] Windows, [000001421A915100][000001421A60D680 49] WindowsNoEditor, [000001421A979100][000001421A611800 49] WindowsServer, [000001421A916700][000001421A615980 49] WindowsClient, [000001421A97A600][000001421A619B00 49] IOS, [000001421A917700][000001421A61C100 49] iPadAir, [000001421A97BB00][000001421A608240 49] iPadAir2, [000001421A897400][00000142157FE480 49] IPadPro, [000001421A897500][00000142157C64C0 49] iPadAir3, [000001421A978700][000001421A11E600 49] iPadAir4, [000001421A895600][000001421A126780 49] iPadMini2, [000001421A97BE00][000001421A12A900 49] iPadMini3, [000001421A894E00][000001421BCBAA80 49] iPadMini4, [000001421A979F00][000001421BCBEC00 49] iPadMini5, [000001421A8D6700][0000014215806EC0 49] iPhone6, [000001421A8D6800][000001421BCF6F00 49] iPodTouch6, [000001421A894900][000001421580F1C0 49] iPhone7, [000001421A894800][000001421580B200 49] iPodTouch7, [000001421A8D5500][0000014215803380 49] iPhone5S, [000001421A894A00][000001421BC71500 49] iPhone6Plus, [000001421A8D4F00][0000014215813680 49] iPhone6S, [000001421A895500][0000014215817800 49] iPhone6SPlus, [000001421A8D7B00][000001421581B980 49] iPhone7Plus, [000001421A896A00][000001421581FB00 49] iPhoneSE, [000001421A8D4100][000001421774A100 49] iPhone8, [000001421A895000][000001421774E280 49] iPhone8Plus, [000001421A8D5800][000001421A1223C0 49] iPhoneX, [000001421A897800][0000014217752500 49] iPhoneXS, [000001421A8D4B00][0000014217756640 49] iPhoneXSMax, [000001421A895900][000001421775A780 49] iPhoneXR, [000001421A8D5F00][00000142137FA900 49] iPhone11, [000001421A897900][00000142137F6A80 49] iPhone11Pro, [000001421A8D5E00][0000014218D7CC00 49] iPhone11ProMax, [000001421A895A00][0000014213C68D80 49] iPhoneSE2, [000001421A8D6E00][0000014215832F00 49] iPhone12Mini, [000001421A896800][000001421A20B080 49] iPhone12, [000001421A8D5300][0000014218D71200 49] iPhone12Pro, [000001421A896F00][000001421775F380 49] iPhone12ProMax, [000001421A8D7900][0000014217763500 49] iPadPro105, [000001421A897100][0000014217767680 49] iPadPro129, [000001421A8D4C00][000001421A571800 49] iPadPro97, [000001421A895400][000001421A575980 49] iPadPro2_129, [000001421A8D6C00][000001421A579B00 49] iPad5, [000001421A895D00][000001421A57C100 49] iPad6, [000001421A8D7800][000001421A580280 49] iPad7, [000001421A896300][000001421A584400 49] iPad8, [000001421A8D4A00][000001421A588580 49] iPadPro11, [000001421A897B00][000001421777E6C0 49] iPadPro2_11, [000001421A8D7600][000001421A58C800 49] iPadPro3_129, [000001421A894100][000001421A590940 49] iPadPro4_129, [000001421A8D6D00][0000014213764AC0 49] AppleTV, [000001421A896C00][0000014213768C40 49] AppleTV4K, [000001421A8D4400][000001421376CDC0 49] TVOS, [000001421A897F00][0000014213770F40 49] Mac, [000001421A914100][00000142137750C0 49] MacClient, [000001421A9B6300][0000014213779240 49] MacNoEditor, [000001421A915000][000001421377D3C0 49] MacServer, [000001421A9B5900][0000014213781540 49] Linux, [000001421A916300][00000142137856C0 49] LinuxAArch64, [000001421A9B5100][0000014213789840 49] LinuxNoEditor, [000001421A917600][000001421378D9C0 49] LinuxAArch64NoEditor, [000001421A9B4400][0000014213791B40 49] LinuxClient, [000001421A915C00][0000014213794140 49] LinuxAArch64Client, [000001421A9B4200][00000142137982C0 49] LinuxServer, [000001421A915F00][000001421379C440 49] LinuxAArch64Server, [000001421A9B5D00][00000142137A05C0 49] Android, [000001421A915200][00000142137A4740 49] Android_Low, [000001421A9B5800][000001421A594880 49] Android_Mid, [000001421A914700][00000142137A89C0 49] Android_High, [000001421A9B4500][00000142137ACB00 49] Android_Default, [000001421A917200][00000142137B0C40 49] Android_Adreno4xx, [000001421A9B5600][00000142137B8DC0 49] Android_Adreno5xx_Low, [000001421A915800][00000142137BCF40 49] Android_Adreno5xx, [000001421A9B4A00][00000142137C10C0 49] Android_Adreno6xx, [000001421A894200][000001421A02D240 49] Android_Adreno6xx_Vulkan, [000001421A8D7F00][000001421A0313C0 49] Android_Mali_T6xx, [000001421A896700][000001421A035540 49] Android_Mali_T7xx, [000001421A8D6100][000001421A0396C0 49] Android_Mali_T8xx, [000001421A896D00][000001421A03D840 49] Android_Mali_G71, [000001421A8D6500][000001421A0419C0 49] Android_Mali_G72, [000001421A895300][000001421A045B40 49] Android_Mali_G72_Vulkan, [000001421A8D7200][000001421A048140 49] Android_Mali_G76, [000001421A895700][000001421A04C2C0 49] Android_Mali_G76_Vulkan, [000001421A9B5000][000001421A050440 49] Android_Mali_G77, [000001421A897700][000001421A0545C0 49] Android_Mali_G77_Vulkan, [000001421A9B6000][000001421A058740 49] Android_Mali_G78, [000001421A895100][000001421A05C8C0 49] Android_Mali_G78_Vulkan, [000001421A9B4600][00000142137B4A00 49] Android_Mali_G710, [000001421A896400][000001421A060B40 49] Android_Mali_G710_Vulkan, [000001421A9B4F00][000001421A064C80 49] Android_Vulkan_SM5, [000001421A897600][000001421A068DC0 49] Android_PowerVR_G6xxx, [000001421A9B4C00][000001421A070F40 49] Android_PowerVR_GT7xxx, [000001421A894300][000001421A0750C0 49] Android_PowerVR_GE8xxx, [000001421A9B5300][000001421A079240 49] Android_PowerVR_GM9xxx, [000001421A897D00][000001421A07D3C0 49] Android_PowerVR_GM9xxx_Vulkan, [000001421A9B5E00][000001421A081540 49] Android_TegraK1, [000001421A895F00][000001421A0856C0 49] Android_Unknown_Vulkan, [000001421A8D5900][000001421A089840 49] Lumin, [000001421A895200][000001421A08D9C0 49] Lumin_Desktop, [000001421A8D6F00][000001421A091B40 49] HoloLens, 
[2023.04.16-14.58.03:800][  0]LogMeshReduction: Using QuadricMeshReduction for automatic static mesh reduction
[2023.04.16-14.58.03:800][  0]LogMeshReduction: Using SimplygonMeshReduction for automatic skeletal mesh reduction
[2023.04.16-14.58.03:800][  0]LogMeshReduction: Using ProxyLODMeshReduction for automatic mesh merging
[2023.04.16-14.58.03:800][  0]LogMeshReduction: No distributed automatic mesh merging module available
[2023.04.16-14.58.03:800][  0]LogMeshMerging: No distributed automatic mesh merging module available
[2023.04.16-14.58.03:815][  0]LogNetVersion: lalala 1.0.0, NetCL: 17155196, EngineNetVer: 17, GameNetVer: 0 (Checksum: 1129622755)
[2023.04.16-14.58.04:160][  0]LogTexture: Default maximum texture size for cubemaps generated from long-lat sources has been changed from 512 to unlimited. In order to preserve old behaiour for '/Engine/MapTemplates/Sky/DaylightAmbientCubemap.DaylightAmbientCubemap', its maximum texture size has been explicitly set to 512.
[2023.04.16-14.58.04:250][  0]LogHMD: PokeAHoleMaterial loaded successfully
[2023.04.16-14.58.04:255][  0]LogUObjectArray: 18051 objects as part of root set at end of initial load.
[2023.04.16-14.58.04:255][  0]LogUObjectAllocator: 4611376 out of 0 bytes used by permanent object pool.
[2023.04.16-14.58.04:255][  0]LogUObjectArray: CloseDisregardForGC: 0/0 objects in disregard for GC pool
[2023.04.16-14.58.04:536][  0]LogNiagaraDebuggerClient: Niagara Debugger Client Initialized | Session: D1DDA79B4C9C95EA37138FA8020AFB4F | Instance: 6FEBE22741EDC8287AE572B0C28CCE8C (DESKTOP-G3G3E4I-23516).
[2023.04.16-14.58.04:662][  0]LogPython: Using Python 3.7.7
[2023.04.16-14.58.05:101][  0]LogTcpMessaging: Initializing TcpMessaging bridge
[2023.04.16-14.58.05:106][  0]LogUdpMessaging: Initializing bridge on interface 0.0.0.0:0 to multicast group 230.0.0.1:6666.
[2023.04.16-14.58.05:177][  0]LogLinker: Warning: Failed to load '/Game/FirstPersonBP/FirstPersonOverview': Can't find file.
[2023.04.16-14.58.05:177][  0]LogLinker: Warning: Failed to load '/Game/FirstPersonBP/FirstPersonOverview': Can't find file.
[2023.04.16-14.58.05:177][  0]LogUObjectGlobals: Warning: Failed to find object 'Class /Game/FirstPersonBP/FirstPersonOverview.FirstPersonOverview_C'
[2023.04.16-14.58.05:262][  0]SourceControl: Source control is disabled
[2023.04.16-14.58.05:846][  0]LogUProjectInfo: Found projects:
[2023.04.16-14.58.05:884][  0]LogTexture: Default maximum texture size for cubemaps generated from long-lat sources has been changed from 512 to unlimited. In order to preserve old behaiour for '/Engine/EditorMaterials/AssetViewer/EpicQuadPanorama_CC+EV1.EpicQuadPanorama_CC+EV1', its maximum texture size has been explicitly set to 512.
[2023.04.16-14.58.06:399][  0]LogOpenImageDenoise: OIDN starting up
[2023.04.16-14.58.06:414][  0]LogAndroidPermission: UAndroidPermissionCallbackProxy::GetInstance
[2023.04.16-14.58.06:442][  0]LogAudioCaptureCore: Display: No Audio Capture implementations found. Audio input will be silent.
[2023.04.16-14.58.06:442][  0]LogAudioCaptureCore: Display: No Audio Capture implementations found. Audio input will be silent.
[2023.04.16-14.58.06:582][  0]LogCollectionManager: Loaded 0 collections in 0.001472 seconds
[2023.04.16-14.58.06:609][  0]LogFileCache: Scanning file cache for directory 'C:/Users/MSI/Documents/Unreal Projects/lalala/Saved/Collections/' took 0.00s
[2023.04.16-14.58.06:609][  0]LogFileCache: Scanning file cache for directory 'C:/Users/MSI/Documents/Unreal Projects/lalala/Content/Developers/MSI/Collections/' took 0.00s
[2023.04.16-14.58.06:609][  0]LogFileCache: Scanning file cache for directory 'C:/Users/MSI/Documents/Unreal Projects/lalala/Content/Collections/' took 0.00s
[2023.04.16-14.58.06:609][  0]LogOcInput: OculusInput pre-init called
[2023.04.16-14.58.06:824][  0]LogClass: Display: IntProperty FPhysicsConvexData::NumVertices is not initialized properly. Module:MeshModelingTools File:Public/Physics/CollisionPropertySets.h
[2023.04.16-14.58.06:824][  0]LogClass: Display: IntProperty FPhysicsConvexData::NumFaces is not initialized properly. Module:MeshModelingTools File:Public/Physics/CollisionPropertySets.h
[2023.04.16-14.58.06:824][  0]LogClass: Display: FloatProperty FPhysicsCapsuleData::Radius is not initialized properly. Module:MeshModelingTools File:Public/Physics/CollisionPropertySets.h
[2023.04.16-14.58.06:824][  0]LogClass: Display: FloatProperty FPhysicsCapsuleData::Length is not initialized properly. Module:MeshModelingTools File:Public/Physics/CollisionPropertySets.h
[2023.04.16-14.58.06:824][  0]LogClass: Display: StructProperty FPhysicsBoxData::Dimensions is not initialized properly. Module:MeshModelingTools File:Public/Physics/CollisionPropertySets.h
[2023.04.16-14.58.06:824][  0]LogClass: Display: FloatProperty FPhysicsSphereData::Radius is not initialized properly. Module:MeshModelingTools File:Public/Physics/CollisionPropertySets.h
[2023.04.16-14.58.06:824][  0]LogClass: Display: EnumProperty FLODLevelGenerateSettings::TargetMode is not initialized properly. Module:MeshModelingToolsEditorOnly File:Public/GenerateLODMeshesTool.h
[2023.04.16-14.58.06:824][  0]LogClass: Display: IntProperty FLODLevelGenerateSettings::TargetPercentage is not initialized properly. Module:MeshModelingToolsEditorOnly File:Public/GenerateLODMeshesTool.h
[2023.04.16-14.58.06:824][  0]LogClass: Display: IntProperty FLODLevelGenerateSettings::TargetCount is not initialized properly. Module:MeshModelingToolsEditorOnly File:Public/GenerateLODMeshesTool.h
[2023.04.16-14.58.06:824][  0]LogClass: Display: 9 Uninitialized script struct members found including 0 object properties
[2023.04.16-14.58.06:825][  0]LogEngine: Initializing Engine...
[2023.04.16-14.58.06:827][  0]LogHMD: Failed to enumerate extensions. Please check that you have a valid OpenXR runtime installed.
[2023.04.16-14.58.06:828][  0]LogHMD: Failed to initialize OpenVR with code 110
[2023.04.16-14.58.06:828][  0]LogMagicLeap: Warning: VR disabled because ZI is not enabled.  To enable, in the editor, Edit -> Project Settings -> Plugins -> Magic Leap Plugin -> Enable Zero Iteration
[2023.04.16-14.58.06:828][  0]LogStylusInput: Initializing StylusInput subsystem.
[2023.04.16-14.58.06:832][  0]LogStats: UGameplayTagsManager::InitializeManager -  0.000 s
[2023.04.16-14.58.06:952][  0]LogInit: Initializing FReadOnlyCVARCache
[2023.04.16-14.58.06:961][  0]LogAIModule: Creating AISystem for world Untitled
[2023.04.16-14.58.06:968][  0]LogAudio: Display: Initializing Audio Device Manager...
[2023.04.16-14.58.06:973][  0]LogAudio: Display: Loading Default Audio Settings Objects...
[2023.04.16-14.58.06:973][  0]LogAudio: Display: No default SoundConcurrencyObject specified (or failed to load).
[2023.04.16-14.58.06:974][  0]LogAudio: Display: Audio Device Manager Initialized
[2023.04.16-14.58.06:974][  0]LogAudio: Display: Creating Audio Device:                 Id: 1, Scope: Shared, Realtime: True
[2023.04.16-14.58.06:974][  0]LogAudioMixer: Display: Audio Mixer Platform Settings:
[2023.04.16-14.58.06:974][  0]LogAudioMixer: Display: 	Sample Rate:						  48000
[2023.04.16-14.58.06:974][  0]LogAudioMixer: Display: 	Callback Buffer Frame Size Requested: 1024
[2023.04.16-14.58.06:974][  0]LogAudioMixer: Display: 	Callback Buffer Frame Size To Use:	  1024
[2023.04.16-14.58.06:974][  0]LogAudioMixer: Display: 	Number of buffers to queue:			  2
[2023.04.16-14.58.06:974][  0]LogAudioMixer: Display: 	Max Channels (voices):				  32
[2023.04.16-14.58.06:974][  0]LogAudioMixer: Display: 	Number of Async Source Workers:		  0
[2023.04.16-14.58.06:974][  0]LogAudio: Display: AudioDevice MaxSources: 32
[2023.04.16-14.58.06:974][  0]LogAudio: Display: Audio Spatialization Plugin: None (built-in).
[2023.04.16-14.58.06:974][  0]LogAudio: Display: Audio Reverb Plugin: None (built-in).
[2023.04.16-14.58.06:974][  0]LogAudio: Display: Audio Occlusion Plugin: None (built-in).
[2023.04.16-14.58.06:974][  0]LogAudioMixer: Display: Initializing audio mixer.
[2023.04.16-14.58.06:987][  0]LogAudioMixer: Display: 0: FrontLeft
[2023.04.16-14.58.06:987][  0]LogAudioMixer: Display: 1: FrontRight
[2023.04.16-14.58.07:024][  0]LogAudioMixer: Display: Using Audio Device Наушники (Realtek(R) Audio)
[2023.04.16-14.58.07:028][  0]LogAudioMixer: Display: Initializing Sound Submixes...
[2023.04.16-14.58.07:029][  0]LogAudioMixer: Display: Creating Master Submix 'MasterSubmixDefault'
[2023.04.16-14.58.07:029][  0]LogAudioMixer: Display: Creating Master Submix 'MasterReverbSubmixDefault'
[2023.04.16-14.58.07:030][  0]LogAudioMixer: Display: Creating Master Submix 'MasterEQSubmixDefault'
[2023.04.16-14.58.07:030][  0]LogAudioMixer: FMixerPlatformXAudio2::StartAudioStream() called
[2023.04.16-14.58.07:030][  0]LogAudioMixer: Display: Output buffers initialized: Frames=1024, Channels=2, Samples=2048
[2023.04.16-14.58.07:031][  0]LogAudioMixer: Display: Starting AudioMixerPlatformInterface::RunInternal()
[2023.04.16-14.58.07:031][  0]LogAudioMixer: Display: FMixerPlatformXAudio2::SubmitBuffer() called for the first time
[2023.04.16-14.58.07:031][  0]LogInit: FAudioDevice initialized.
[2023.04.16-14.58.07:031][  0]LogAudio: Display: Audio Device (ID: 1) registered with world 'Untitled'.
[2023.04.16-14.58.07:031][  0]LogNetVersion: Set ProjectVersion to 1.0.0.0. Version Checksum will be recalculated on next use.
[2023.04.16-14.58.07:094][  0]LogDerivedDataCache: Saved boot cache 0.06s 130MB C:/Users/MSI/AppData/Local/UnrealEngine/4.27/DerivedDataCache/Boot.ddc.
[2023.04.16-14.58.07:096][  0]LogInit: Texture streaming: Enabled
[2023.04.16-14.58.07:111][  0]LogAnalytics: Display: [UEEditor.Rocket.Release] APIServer = https://datarouter.ol.epicgames.com/. AppVersion = 4.27.2-18319896+++UE4+Release-4.27
[2023.04.16-14.58.07:115][  0]LogEngineSessionManager: EngineSessionManager initialized
[2023.04.16-14.58.07:115][  0]LogEditorSessionSummary: Verbose: Initializing EditorSessionSummaryWriter for editor session tracking
[2023.04.16-14.58.07:116][  0]LogEditorSessionSummary: EditorSessionSummaryWriter initialized
[2023.04.16-14.58.07:141][  0]LogInit: Transaction tracking system initialized
[2023.04.16-14.58.07:164][  0]BlueprintLog: New page: Editor Load
[2023.04.16-14.58.07:230][  0]LocalizationService: Localization service is disabled
[2023.04.16-14.58.07:254][  0]TimingProfiler: Initialize
[2023.04.16-14.58.07:254][  0]TimingProfiler: OnSessionChanged
[2023.04.16-14.58.07:254][  0]LoadingProfiler: Initialize
[2023.04.16-14.58.07:255][  0]LoadingProfiler: OnSessionChanged
[2023.04.16-14.58.07:255][  0]NetworkingProfiler: Initialize
[2023.04.16-14.58.07:255][  0]NetworkingProfiler: OnSessionChanged
[2023.04.16-14.58.07:255][  0]MemoryProfiler: Initialize
[2023.04.16-14.58.07:255][  0]MemoryProfiler: OnSessionChanged
[2023.04.16-14.58.07:404][  0]LogCook: Display: CookSettings for Memory: MemoryMaxUsedVirtual 0MiB, MemoryMaxUsedPhysical 16384MiB, MemoryMinFreeVirtual 0MiB, MemoryMinFreePhysical 1024MiB
[2023.04.16-14.58.07:404][  0]LogCook: Display: Mobile HDR setting 1
[2023.04.16-14.58.07:468][  0]LogFileCache: Scanning file cache for directory 'C:/Users/MSI/Documents/Unreal Projects/lalala/Content/' took 0.01s
[2023.04.16-14.58.07:791][  0]LogInit: Display: Engine is initialized. Leaving FEngineLoop::Init()
[2023.04.16-14.58.07:794][  0]LogUnrealEdMisc: Loading editor; pre map load, took 7.376
[2023.04.16-14.58.07:794][  0]Cmd: MAP LOAD FILE="../../../Engine/Content/Maps/Templates/Template_Default.umap" TEMPLATE=1 SHOWPROGRESS=1 FEATURELEVEL=3
[2023.04.16-14.58.07:794][  0]LightingResults: New page: Lighting Build
[2023.04.16-14.58.07:796][  0]LogWorld: UWorld::CleanupWorld for Untitled, bSessionEnded=true, bCleanupResources=true
[2023.04.16-14.58.07:796][  0]LogSlate: InvalidateAllWidgets triggered.  All widgets were invalidated
[2023.04.16-14.58.07:796][  0]MapCheck: New page: Map Check
[2023.04.16-14.58.07:796][  0]LightingResults: New page: Lighting Build
[2023.04.16-14.58.07:801][  0]LogAudio: Display: Audio Device unregistered from world 'None'.
[2023.04.16-14.58.07:806][  0]LogUObjectHash: Compacting FUObjectHashTables data took   0.89ms
[2023.04.16-14.58.07:848][  0]LogTexture: Display: Building textures: DeprecatedTextureEB9CBE3C423008B5E8E130901E171C89 (BGRA8, 128X128)
[2023.04.16-14.58.07:856][  0]LogAudio: Display: Audio Device (ID: 1) registered with world 'Untitled_1'.
[2023.04.16-14.58.07:857][  0]LogAIModule: Creating AISystem for world Untitled_1
[2023.04.16-14.58.07:860][  0]LogEditorServer: Finished looking for orphan Actors (0.000 secs)
[2023.04.16-14.58.07:865][  0]LogUObjectHash: Compacting FUObjectHashTables data took   0.70ms
[2023.04.16-14.58.07:865][  0]Cmd: MAP CHECKDEP NOCLEARLOG
[2023.04.16-14.58.07:865][  0]MapCheck: Map check complete: 0 Error(s), 0 Warning(s), took 0,127ms to complete.
[2023.04.16-14.58.07:865][  0]LogFileHelpers: Loading map 'Template_Default' took 0.071
[2023.04.16-14.58.07:870][  0]LogUnrealEdMisc: Total Editor Startup Time, took 7.452
[2023.04.16-14.58.07:976][  0]LogSlate: Updating window title bar state: overlay mode, drag disabled, window buttons hidden, title bar hidden
[2023.04.16-14.58.07:982][  0]LogSlate: Updating window title bar state: overlay mode, drag disabled, window buttons hidden, title bar hidden
[2023.04.16-14.58.07:989][  0]LogSlate: Updating window title bar state: overlay mode, drag disabled, window buttons hidden, title bar hidden
[2023.04.16-14.58.07:994][  0]LogSlate: Updating window title bar state: overlay mode, drag disabled, window buttons hidden, title bar hidden
[2023.04.16-14.58.08:009][  0]LogNativeClassHierarchy: Verbose: Native class hierarchy populated in 0.0104 seconds. Added 4374 classes and 998 folders.
[2023.04.16-14.58.08:012][  0]LogNativeClassHierarchy: Verbose: Native class hierarchy updated for 'WidgetCarousel' in 0.0002 seconds. Added 0 classes and 0 folders.
[2023.04.16-14.58.08:013][  0]LogPakFile: PakFile PrimaryIndexSize=187
[2023.04.16-14.58.08:013][  0]LogPakFile: PakFile PathHashIndexSize=101
[2023.04.16-14.58.08:013][  0]LogPakFile: PakFile FullDirectoryIndexSize=148
[2023.04.16-14.58.08:013][  0]LogShaderLibrary: Display: ShaderCodeLibraryPakFileMountedCallback: PakFile 'C:/Program Files/Epic Games/UE_4.27/FeaturePacks/FP_FirstPerson.upack' (chunk index -1, root 'root:/') mounted
[2023.04.16-14.58.08:013][  0]LogShaderLibrary: Display: ShaderCodeLibraryPakFileMountedCallback: pending pak file info (ChunkID:-1 Root:root:/ File:C:/Program Files/Epic Games/UE_4.27/FeaturePacks/FP_FirstPerson.upack)
[2023.04.16-14.58.08:013][  0]LogPakFile: OnPakFileMounted2Time == 0.000054
[2023.04.16-14.58.08:014][  0]LogPakFile: PakFile PrimaryIndexSize=189
[2023.04.16-14.58.08:014][  0]LogPakFile: PakFile PathHashIndexSize=101
[2023.04.16-14.58.08:014][  0]LogPakFile: PakFile FullDirectoryIndexSize=152
[2023.04.16-14.58.08:014][  0]LogShaderLibrary: Display: ShaderCodeLibraryPakFileMountedCallback: PakFile 'C:/Program Files/Epic Games/UE_4.27/FeaturePacks/FP_FirstPersonBP.upack' (chunk index -1, root 'root:/') mounted
[2023.04.16-14.58.08:014][  0]LogShaderLibrary: Display: ShaderCodeLibraryPakFileMountedCallback: pending pak file info (ChunkID:-1 Root:root:/ File:C:/Program Files/Epic Games/UE_4.27/FeaturePacks/FP_FirstPersonBP.upack)
[2023.04.16-14.58.08:014][  0]LogPakFile: OnPakFileMounted2Time == 0.000031
[2023.04.16-14.58.08:014][  0]LogPakFile: PakFile PrimaryIndexSize=191
[2023.04.16-14.58.08:014][  0]LogPakFile: PakFile PathHashIndexSize=101
[2023.04.16-14.58.08:014][  0]LogPakFile: PakFile FullDirectoryIndexSize=160
[2023.04.16-14.58.08:014][  0]LogShaderLibrary: Display: ShaderCodeLibraryPakFileMountedCallback: PakFile 'C:/Program Files/Epic Games/UE_4.27/FeaturePacks/MobileStarterContent.upack' (chunk index -1, root 'root:/') mounted
[2023.04.16-14.58.08:014][  0]LogShaderLibrary: Display: ShaderCodeLibraryPakFileMountedCallback: pending pak file info (ChunkID:-1 Root:root:/ File:C:/Program Files/Epic Games/UE_4.27/FeaturePacks/MobileStarterContent.upack)
[2023.04.16-14.58.08:014][  0]LogPakFile: OnPakFileMounted2Time == 0.000030
[2023.04.16-14.58.08:014][  0]LogPakFile: PakFile PrimaryIndexSize=185
[2023.04.16-14.58.08:014][  0]LogPakFile: PakFile PathHashIndexSize=101
[2023.04.16-14.58.08:014][  0]LogPakFile: PakFile FullDirectoryIndexSize=148
[2023.04.16-14.58.08:014][  0]LogShaderLibrary: Display: ShaderCodeLibraryPakFileMountedCallback: PakFile 'C:/Program Files/Epic Games/UE_4.27/FeaturePacks/StarterContent.upack' (chunk index -1, root 'root:/') mounted
[2023.04.16-14.58.08:014][  0]LogShaderLibrary: Display: ShaderCodeLibraryPakFileMountedCallback: pending pak file info (ChunkID:-1 Root:root:/ File:C:/Program Files/Epic Games/UE_4.27/FeaturePacks/StarterContent.upack)
[2023.04.16-14.58.08:014][  0]LogPakFile: OnPakFileMounted2Time == 0.000029
[2023.04.16-14.58.08:015][  0]LogPakFile: PakFile PrimaryIndexSize=190
[2023.04.16-14.58.08:015][  0]LogPakFile: PakFile PathHashIndexSize=101
[2023.04.16-14.58.08:015][  0]LogPakFile: PakFile FullDirectoryIndexSize=154
[2023.04.16-14.58.08:015][  0]LogShaderLibrary: Display: ShaderCodeLibraryPakFileMountedCallback: PakFile 'C:/Program Files/Epic Games/UE_4.27/FeaturePacks/TP_2DSideScroller.upack' (chunk index -1, root 'root:/') mounted
[2023.04.16-14.58.08:015][  0]LogShaderLibrary: Display: ShaderCodeLibraryPakFileMountedCallback: pending pak file info (ChunkID:-1 Root:root:/ File:C:/Program Files/Epic Games/UE_4.27/FeaturePacks/TP_2DSideScroller.upack)
[2023.04.16-14.58.08:015][  0]LogPakFile: OnPakFileMounted2Time == 0.000027
[2023.04.16-14.58.08:015][  0]LogPakFile: PakFile PrimaryIndexSize=192
[2023.04.16-14.58.08:015][  0]LogPakFile: PakFile PathHashIndexSize=101
[2023.04.16-14.58.08:015][  0]LogPakFile: PakFile FullDirectoryIndexSize=158
[2023.04.16-14.58.08:015][  0]LogShaderLibrary: Display: ShaderCodeLibraryPakFileMountedCallback: PakFile 'C:/Program Files/Epic Games/UE_4.27/FeaturePacks/TP_2DSideScrollerBP.upack' (chunk index -1, root 'root:/') mounted
[2023.04.16-14.58.08:015][  0]LogShaderLibrary: Display: ShaderCodeLibraryPakFileMountedCallback: pending pak file info (ChunkID:-1 Root:root:/ File:C:/Program Files/Epic Games/UE_4.27/FeaturePacks/TP_2DSideScrollerBP.upack)
[2023.04.16-14.58.08:015][  0]LogPakFile: OnPakFileMounted2Time == 0.000025
[2023.04.16-14.58.08:015][  0]LogPakFile: PakFile PrimaryIndexSize=182
[2023.04.16-14.58.08:015][  0]LogPakFile: PakFile PathHashIndexSize=101
[2023.04.16-14.58.08:015][  0]LogPakFile: PakFile FullDirectoryIndexSize=138
[2023.04.16-14.58.08:015][  0]LogShaderLibrary: Display: ShaderCodeLibraryPakFileMountedCallback: PakFile 'C:/Program Files/Epic Games/UE_4.27/FeaturePacks/TP_Flying.upack' (chunk index -1, root 'root:/') mounted
[2023.04.16-14.58.08:015][  0]LogShaderLibrary: Display: ShaderCodeLibraryPakFileMountedCallback: pending pak file info (ChunkID:-1 Root:root:/ File:C:/Program Files/Epic Games/UE_4.27/FeaturePacks/TP_Flying.upack)
[2023.04.16-14.58.08:015][  0]LogPakFile: OnPakFileMounted2Time == 0.000025
[2023.04.16-14.58.08:016][  0]LogPakFile: PakFile PrimaryIndexSize=184
[2023.04.16-14.58.08:016][  0]LogPakFile: PakFile PathHashIndexSize=101
[2023.04.16-14.58.08:016][  0]LogPakFile: PakFile FullDirectoryIndexSize=142
[2023.04.16-14.58.08:016][  0]LogShaderLibrary: Display: ShaderCodeLibraryPakFileMountedCallback: PakFile 'C:/Program Files/Epic Games/UE_4.27/FeaturePacks/TP_FlyingBP.upack' (chunk index -1, root 'root:/') mounted
[2023.04.16-14.58.08:016][  0]LogShaderLibrary: Display: ShaderCodeLibraryPakFileMountedCallback: pending pak file info (ChunkID:-1 Root:root:/ File:C:/Program Files/Epic Games/UE_4.27/FeaturePacks/TP_FlyingBP.upack)
[2023.04.16-14.58.08:016][  0]LogPakFile: OnPakFileMounted2Time == 0.000025
[2023.04.16-14.58.08:016][  0]LogPakFile: PakFile PrimaryIndexSize=188
[2023.04.16-14.58.08:016][  0]LogPakFile: PakFile PathHashIndexSize=101
[2023.04.16-14.58.08:016][  0]LogPakFile: PakFile FullDirectoryIndexSize=150
[2023.04.16-14.58.08:016][  0]LogShaderLibrary: Display: ShaderCodeLibraryPakFileMountedCallback: PakFile 'C:/Program Files/Epic Games/UE_4.27/FeaturePacks/TP_HandheldARBP.upack' (chunk index -1, root 'root:/') mounted
[2023.04.16-14.58.08:016][  0]LogShaderLibrary: Display: ShaderCodeLibraryPakFileMountedCallback: pending pak file info (ChunkID:-1 Root:root:/ File:C:/Program Files/Epic Games/UE_4.27/FeaturePacks/TP_HandheldARBP.upack)
[2023.04.16-14.58.08:016][  0]LogPakFile: OnPakFileMounted2Time == 0.000036
[2023.04.16-14.58.08:016][  0]LogPakFile: PakFile PrimaryIndexSize=182
[2023.04.16-14.58.08:016][  0]LogPakFile: PakFile PathHashIndexSize=101
[2023.04.16-14.58.08:016][  0]LogPakFile: PakFile FullDirectoryIndexSize=138
[2023.04.16-14.58.08:016][  0]LogShaderLibrary: Display: ShaderCodeLibraryPakFileMountedCallback: PakFile 'C:/Program Files/Epic Games/UE_4.27/FeaturePacks/TP_Puzzle.upack' (chunk index -1, root 'root:/') mounted
[2023.04.16-14.58.08:016][  0]LogShaderLibrary: Display: ShaderCodeLibraryPakFileMountedCallback: pending pak file info (ChunkID:-1 Root:root:/ File:C:/Program Files/Epic Games/UE_4.27/FeaturePacks/TP_Puzzle.upack)
[2023.04.16-14.58.08:016][  0]LogPakFile: OnPakFileMounted2Time == 0.000028
[2023.04.16-14.58.08:016][  0]LogPakFile: PakFile PrimaryIndexSize=184
[2023.04.16-14.58.08:016][  0]LogPakFile: PakFile PathHashIndexSize=101
[2023.04.16-14.58.08:016][  0]LogPakFile: PakFile FullDirectoryIndexSize=142
[2023.04.16-14.58.08:016][  0]LogShaderLibrary: Display: ShaderCodeLibraryPakFileMountedCallback: PakFile 'C:/Program Files/Epic Games/UE_4.27/FeaturePacks/TP_PuzzleBP.upack' (chunk index -1, root 'root:/') mounted
[2023.04.16-14.58.08:016][  0]LogShaderLibrary: Display: ShaderCodeLibraryPakFileMountedCallback: pending pak file info (ChunkID:-1 Root:root:/ File:C:/Program Files/Epic Games/UE_4.27/FeaturePacks/TP_PuzzleBP.upack)
[2023.04.16-14.58.08:016][  0]LogPakFile: OnPakFileMounted2Time == 0.000024
[2023.04.16-14.58.08:017][  0]LogPakFile: PakFile PrimaryIndexSize=183
[2023.04.16-14.58.08:017][  0]LogPakFile: PakFile PathHashIndexSize=101
[2023.04.16-14.58.08:017][  0]LogPakFile: PakFile FullDirectoryIndexSize=140
[2023.04.16-14.58.08:017][  0]LogShaderLibrary: Display: ShaderCodeLibraryPakFileMountedCallback: PakFile 'C:/Program Files/Epic Games/UE_4.27/FeaturePacks/TP_Rolling.upack' (chunk index -1, root 'root:/') mounted
[2023.04.16-14.58.08:017][  0]LogShaderLibrary: Display: ShaderCodeLibraryPakFileMountedCallback: pending pak file info (ChunkID:-1 Root:root:/ File:C:/Program Files/Epic Games/UE_4.27/FeaturePacks/TP_Rolling.upack)
[2023.04.16-14.58.08:017][  0]LogPakFile: OnPakFileMounted2Time == 0.000038
[2023.04.16-14.58.08:017][  0]LogPakFile: PakFile PrimaryIndexSize=185
[2023.04.16-14.58.08:017][  0]LogPakFile: PakFile PathHashIndexSize=101
[2023.04.16-14.58.08:017][  0]LogPakFile: PakFile FullDirectoryIndexSize=144
[2023.04.16-14.58.08:017][  0]LogShaderLibrary: Display: ShaderCodeLibraryPakFileMountedCallback: PakFile 'C:/Program Files/Epic Games/UE_4.27/FeaturePacks/TP_RollingBP.upack' (chunk index -1, root 'root:/') mounted
[2023.04.16-14.58.08:017][  0]LogShaderLibrary: Display: ShaderCodeLibraryPakFileMountedCallback: pending pak file info (ChunkID:-1 Root:root:/ File:C:/Program Files/Epic Games/UE_4.27/FeaturePacks/TP_RollingBP.upack)
[2023.04.16-14.58.08:017][  0]LogPakFile: OnPakFileMounted2Time == 0.000024
[2023.04.16-14.58.08:018][  0]LogPakFile: PakFile PrimaryIndexSize=188
[2023.04.16-14.58.08:018][  0]LogPakFile: PakFile PathHashIndexSize=101
[2023.04.16-14.58.08:018][  0]LogPakFile: PakFile FullDirectoryIndexSize=150
[2023.04.16-14.58.08:018][  0]LogShaderLibrary: Display: ShaderCodeLibraryPakFileMountedCallback: PakFile 'C:/Program Files/Epic Games/UE_4.27/FeaturePacks/TP_SideScroller.upack' (chunk index -1, root 'root:/') mounted
[2023.04.16-14.58.08:018][  0]LogShaderLibrary: Display: ShaderCodeLibraryPakFileMountedCallback: pending pak file info (ChunkID:-1 Root:root:/ File:C:/Program Files/Epic Games/UE_4.27/FeaturePacks/TP_SideScroller.upack)
[2023.04.16-14.58.08:018][  0]LogPakFile: OnPakFileMounted2Time == 0.000025
[2023.04.16-14.58.08:018][  0]LogPakFile: PakFile PrimaryIndexSize=190
[2023.04.16-14.58.08:018][  0]LogPakFile: PakFile PathHashIndexSize=101
[2023.04.16-14.58.08:018][  0]LogPakFile: PakFile FullDirectoryIndexSize=154
[2023.04.16-14.58.08:018][  0]LogShaderLibrary: Display: ShaderCodeLibraryPakFileMountedCallback: PakFile 'C:/Program Files/Epic Games/UE_4.27/FeaturePacks/TP_SideScrollerBP.upack' (chunk index -1, root 'root:/') mounted
[2023.04.16-14.58.08:018][  0]LogShaderLibrary: Display: ShaderCodeLibraryPakFileMountedCallback: pending pak file info (ChunkID:-1 Root:root:/ File:C:/Program Files/Epic Games/UE_4.27/FeaturePacks/TP_SideScrollerBP.upack)
[2023.04.16-14.58.08:018][  0]LogPakFile: OnPakFileMounted2Time == 0.000025
[2023.04.16-14.58.08:018][  0]LogPakFile: PakFile PrimaryIndexSize=187
[2023.04.16-14.58.08:018][  0]LogPakFile: PakFile PathHashIndexSize=101
[2023.04.16-14.58.08:018][  0]LogPakFile: PakFile FullDirectoryIndexSize=148
[2023.04.16-14.58.08:018][  0]LogShaderLibrary: Display: ShaderCodeLibraryPakFileMountedCallback: PakFile 'C:/Program Files/Epic Games/UE_4.27/FeaturePacks/TP_ThirdPerson.upack' (chunk index -1, root 'root:/') mounted
[2023.04.16-14.58.08:018][  0]LogShaderLibrary: Display: ShaderCodeLibraryPakFileMountedCallback: pending pak file info (ChunkID:-1 Root:root:/ File:C:/Program Files/Epic Games/UE_4.27/FeaturePacks/TP_ThirdPerson.upack)
[2023.04.16-14.58.08:018][  0]LogPakFile: OnPakFileMounted2Time == 0.000028
[2023.04.16-14.58.08:019][  0]LogPakFile: PakFile PrimaryIndexSize=189
[2023.04.16-14.58.08:019][  0]LogPakFile: PakFile PathHashIndexSize=101
[2023.04.16-14.58.08:019][  0]LogPakFile: PakFile FullDirectoryIndexSize=152
[2023.04.16-14.58.08:019][  0]LogShaderLibrary: Display: ShaderCodeLibraryPakFileMountedCallback: PakFile 'C:/Program Files/Epic Games/UE_4.27/FeaturePacks/TP_ThirdPersonBP.upack' (chunk index -1, root 'root:/') mounted
[2023.04.16-14.58.08:019][  0]LogShaderLibrary: Display: ShaderCodeLibraryPakFileMountedCallback: pending pak file info (ChunkID:-1 Root:root:/ File:C:/Program Files/Epic Games/UE_4.27/FeaturePacks/TP_ThirdPersonBP.upack)
[2023.04.16-14.58.08:019][  0]LogPakFile: OnPakFileMounted2Time == 0.000033
[2023.04.16-14.58.08:019][  0]LogPakFile: PakFile PrimaryIndexSize=183
[2023.04.16-14.58.08:019][  0]LogPakFile: PakFile PathHashIndexSize=101
[2023.04.16-14.58.08:019][  0]LogPakFile: PakFile FullDirectoryIndexSize=140
[2023.04.16-14.58.08:019][  0]LogShaderLibrary: Display: ShaderCodeLibraryPakFileMountedCallback: PakFile 'C:/Program Files/Epic Games/UE_4.27/FeaturePacks/TP_TopDown.upack' (chunk index -1, root 'root:/') mounted
[2023.04.16-14.58.08:019][  0]LogShaderLibrary: Display: ShaderCodeLibraryPakFileMountedCallback: pending pak file info (ChunkID:-1 Root:root:/ File:C:/Program Files/Epic Games/UE_4.27/FeaturePacks/TP_TopDown.upack)
[2023.04.16-14.58.08:019][  0]LogPakFile: OnPakFileMounted2Time == 0.000042
[2023.04.16-14.58.08:020][  0]LogPakFile: PakFile PrimaryIndexSize=185
[2023.04.16-14.58.08:020][  0]LogPakFile: PakFile PathHashIndexSize=101
[2023.04.16-14.58.08:020][  0]LogPakFile: PakFile FullDirectoryIndexSize=144
[2023.04.16-14.58.08:020][  0]LogShaderLibrary: Display: ShaderCodeLibraryPakFileMountedCallback: PakFile 'C:/Program Files/Epic Games/UE_4.27/FeaturePacks/TP_TopDownBP.upack' (chunk index -1, root 'root:/') mounted
[2023.04.16-14.58.08:020][  0]LogShaderLibrary: Display: ShaderCodeLibraryPakFileMountedCallback: pending pak file info (ChunkID:-1 Root:root:/ File:C:/Program Files/Epic Games/UE_4.27/FeaturePacks/TP_TopDownBP.upack)
[2023.04.16-14.58.08:020][  0]LogPakFile: OnPakFileMounted2Time == 0.000040
[2023.04.16-14.58.08:020][  0]LogPakFile: PakFile PrimaryIndexSize=185
[2023.04.16-14.58.08:020][  0]LogPakFile: PakFile PathHashIndexSize=101
[2023.04.16-14.58.08:020][  0]LogPakFile: PakFile FullDirectoryIndexSize=144
[2023.04.16-14.58.08:020][  0]LogShaderLibrary: Display: ShaderCodeLibraryPakFileMountedCallback: PakFile 'C:/Program Files/Epic Games/UE_4.27/FeaturePacks/TP_TwinStick.upack' (chunk index -1, root 'root:/') mounted
[2023.04.16-14.58.08:020][  0]LogShaderLibrary: Display: ShaderCodeLibraryPakFileMountedCallback: pending pak file info (ChunkID:-1 Root:root:/ File:C:/Program Files/Epic Games/UE_4.27/FeaturePacks/TP_TwinStick.upack)
[2023.04.16-14.58.08:020][  0]LogPakFile: OnPakFileMounted2Time == 0.000040
[2023.04.16-14.58.08:021][  0]LogPakFile: PakFile PrimaryIndexSize=187
[2023.04.16-14.58.08:021][  0]LogPakFile: PakFile PathHashIndexSize=101
[2023.04.16-14.58.08:021][  0]LogPakFile: PakFile FullDirectoryIndexSize=148
[2023.04.16-14.58.08:021][  0]LogShaderLibrary: Display: ShaderCodeLibraryPakFileMountedCallback: PakFile 'C:/Program Files/Epic Games/UE_4.27/FeaturePacks/TP_TwinStickBP.upack' (chunk index -1, root 'root:/') mounted
[2023.04.16-14.58.08:021][  0]LogShaderLibrary: Display: ShaderCodeLibraryPakFileMountedCallback: pending pak file info (ChunkID:-1 Root:root:/ File:C:/Program Files/Epic Games/UE_4.27/FeaturePacks/TP_TwinStickBP.upack)
[2023.04.16-14.58.08:021][  0]LogPakFile: OnPakFileMounted2Time == 0.000045
[2023.04.16-14.58.08:021][  0]LogPakFile: PakFile PrimaryIndexSize=183
[2023.04.16-14.58.08:021][  0]LogPakFile: PakFile PathHashIndexSize=101
[2023.04.16-14.58.08:021][  0]LogPakFile: PakFile FullDirectoryIndexSize=140
[2023.04.16-14.58.08:021][  0]LogShaderLibrary: Display: ShaderCodeLibraryPakFileMountedCallback: PakFile 'C:/Program Files/Epic Games/UE_4.27/FeaturePacks/TP_Vehicle.upack' (chunk index -1, root 'root:/') mounted
[2023.04.16-14.58.08:021][  0]LogShaderLibrary: Display: ShaderCodeLibraryPakFileMountedCallback: pending pak file info (ChunkID:-1 Root:root:/ File:C:/Program Files/Epic Games/UE_4.27/FeaturePacks/TP_Vehicle.upack)
[2023.04.16-14.58.08:021][  0]LogPakFile: OnPakFileMounted2Time == 0.000042
[2023.04.16-14.58.08:022][  0]LogPakFile: PakFile PrimaryIndexSize=186
[2023.04.16-14.58.08:022][  0]LogPakFile: PakFile PathHashIndexSize=101
[2023.04.16-14.58.08:022][  0]LogPakFile: PakFile FullDirectoryIndexSize=146
[2023.04.16-14.58.08:022][  0]LogShaderLibrary: Display: ShaderCodeLibraryPakFileMountedCallback: PakFile 'C:/Program Files/Epic Games/UE_4.27/FeaturePacks/TP_VehicleAdv.upack' (chunk index -1, root 'root:/') mounted
[2023.04.16-14.58.08:022][  0]LogShaderLibrary: Display: ShaderCodeLibraryPakFileMountedCallback: pending pak file info (ChunkID:-1 Root:root:/ File:C:/Program Files/Epic Games/UE_4.27/FeaturePacks/TP_VehicleAdv.upack)
[2023.04.16-14.58.08:022][  0]LogPakFile: OnPakFileMounted2Time == 0.000034
[2023.04.16-14.58.08:022][  0]LogPakFile: PakFile PrimaryIndexSize=188
[2023.04.16-14.58.08:022][  0]LogPakFile: PakFile PathHashIndexSize=101
[2023.04.16-14.58.08:022][  0]LogPakFile: PakFile FullDirectoryIndexSize=150
[2023.04.16-14.58.08:022][  0]LogShaderLibrary: Display: ShaderCodeLibraryPakFileMountedCallback: PakFile 'C:/Program Files/Epic Games/UE_4.27/FeaturePacks/TP_VehicleAdvBP.upack' (chunk index -1, root 'root:/') mounted
[2023.04.16-14.58.08:022][  0]LogShaderLibrary: Display: ShaderCodeLibraryPakFileMountedCallback: pending pak file info (ChunkID:-1 Root:root:/ File:C:/Program Files/Epic Games/UE_4.27/FeaturePacks/TP_VehicleAdvBP.upack)
[2023.04.16-14.58.08:022][  0]LogPakFile: OnPakFileMounted2Time == 0.000036
[2023.04.16-14.58.08:023][  0]LogPakFile: PakFile PrimaryIndexSize=185
[2023.04.16-14.58.08:023][  0]LogPakFile: PakFile PathHashIndexSize=101
[2023.04.16-14.58.08:023][  0]LogPakFile: PakFile FullDirectoryIndexSize=144
[2023.04.16-14.58.08:023][  0]LogShaderLibrary: Display: ShaderCodeLibraryPakFileMountedCallback: PakFile 'C:/Program Files/Epic Games/UE_4.27/FeaturePacks/TP_VehicleBP.upack' (chunk index -1, root 'root:/') mounted
[2023.04.16-14.58.08:023][  0]LogShaderLibrary: Display: ShaderCodeLibraryPakFileMountedCallback: pending pak file info (ChunkID:-1 Root:root:/ File:C:/Program Files/Epic Games/UE_4.27/FeaturePacks/TP_VehicleBP.upack)
[2023.04.16-14.58.08:023][  0]LogPakFile: OnPakFileMounted2Time == 0.000040
[2023.04.16-14.58.08:023][  0]LogPakFile: PakFile PrimaryIndexSize=192
[2023.04.16-14.58.08:023][  0]LogPakFile: PakFile PathHashIndexSize=101
[2023.04.16-14.58.08:023][  0]LogPakFile: PakFile FullDirectoryIndexSize=158
[2023.04.16-14.58.08:023][  0]LogShaderLibrary: Display: ShaderCodeLibraryPakFileMountedCallback: PakFile 'C:/Program Files/Epic Games/UE_4.27/FeaturePacks/TP_VirtualRealityBP.upack' (chunk index -1, root 'root:/') mounted
[2023.04.16-14.58.08:023][  0]LogShaderLibrary: Display: ShaderCodeLibraryPakFileMountedCallback: pending pak file info (ChunkID:-1 Root:root:/ File:C:/Program Files/Epic Games/UE_4.27/FeaturePacks/TP_VirtualRealityBP.upack)
[2023.04.16-14.58.08:023][  0]LogPakFile: OnPakFileMounted2Time == 0.000028
[2023.04.16-14.58.08:065][  0]LogNativeClassHierarchy: Verbose: Native class hierarchy updated for 'AddContentDialog' in 0.0003 seconds. Added 0 classes and 0 folders.
[2023.04.16-14.58.08:066][  0]LogNativeClassHierarchy: Verbose: Native class hierarchy updated for 'SceneOutliner' in 0.0003 seconds. Added 2 classes and 0 folders.
[2023.04.16-14.58.08:174][  0]LogSlate: Took 0.000215 seconds to synchronously load lazily loaded font '../../../Engine/Content/Slate/Fonts/Roboto-Regular.ttf' (155K)
[2023.04.16-14.58.08:174][  0]LogSlate: Took 0.000126 seconds to synchronously load lazily loaded font '../../../Engine/Content/Editor/Slate/Fonts/FontAwesome.ttf' (139K)
[2023.04.16-14.58.08:175][  0]LogSlate: Took 0.000119 seconds to synchronously load lazily loaded font '../../../Engine/Content/Slate/Fonts/Roboto-Bold.ttf' (160K)
[2023.04.16-14.58.08:262][  0]LogRenderer: Reallocating scene render targets to support 832x428 Format 10 NumSamples 1 (Frame:1).
[2023.04.16-14.58.08:387][  0]LogNativeClassHierarchy: Verbose: Native class hierarchy updated for 'HierarchicalLODOutliner' in 0.0003 seconds. Added 0 classes and 0 folders.
[2023.04.16-14.58.08:388][  0]LogLoad: (Engine Initialization) Total time: 7.97 seconds
[2023.04.16-14.58.08:388][  0]LogLoad: (Engine Initialization) Total Blueprint compile time: 0.00 seconds
[2023.04.16-14.58.08:503][  0]LogAssetRegistry: Asset discovery search completed in 5.0343 seconds
[2023.04.16-14.58.08:508][  0]LogCollectionManager: Fixed up redirectors for 0 collections in 0.000004 seconds (updated 0 objects)
[2023.04.16-14.58.08:512][  0]LogContentStreaming: Texture pool size now 1000 MB
[2023.04.16-14.58.08:588][  2]LogSlate: Took 0.000100 seconds to synchronously load lazily loaded font '../../../Engine/Content/Slate/Fonts/Roboto-Light.ttf' (167K)
